2025-10-28 12:50:33 [INFO]: Audit Event | {"service":"voting-system","auditEvent":"CACHE_SET","details":{"key":"positions:all","size":62},"category":"AUDIT"}
2025-10-28 12:50:33 [INFO]: Audit Event | {"service":"voting-system","auditEvent":"CACHE_MISS","details":{"key":"positions:all","source":"getPositions"},"category":"AUDIT"}
2025-10-28 12:50:33 [INFO]: Audit Event | {"service":"voting-system","auditEvent":"CACHE_HIT","details":{"key":"positions:all","source":"getPositions"},"category":"AUDIT"}
2025-10-28 12:50:33 [INFO]: Audit Event | {"service":"voting-system","auditEvent":"CACHE_SET","details":{"key":"position:5:candidates","size":458},"category":"AUDIT"}
2025-10-28 12:50:33 [INFO]: Audit Event | {"service":"voting-system","auditEvent":"CACHE_MISS","details":{"key":"position:5:candidates","source":"getCandidatesByPosition"},"category":"AUDIT"}
2025-10-28 12:50:33 [INFO]: Audit Event | {"service":"voting-system","auditEvent":"CACHE_HIT","details":{"key":"position:5:candidates","source":"getCandidatesByPosition"},"category":"AUDIT"}
2025-10-28 12:50:37 [INFO]: Audit Event | {"service":"voting-system","auditEvent":"CACHE_SET","details":{"key":"position:6:candidates","size":368},"category":"AUDIT"}
2025-10-28 12:50:37 [INFO]: Audit Event | {"service":"voting-system","auditEvent":"CACHE_MISS","details":{"key":"position:6:candidates","source":"getCandidatesByPosition"},"category":"AUDIT"}
2025-10-28 12:50:37 [INFO]: Audit Event | {"service":"voting-system","auditEvent":"CACHE_HIT","details":{"key":"position:6:candidates","source":"getCandidatesByPosition"},"category":"AUDIT"}
2025-10-28 12:51:51 [INFO]: Audit Event | {"service":"voting-system","auditEvent":"CACHE_HIT","details":{"key":"positions:all","source":"getPositions"},"category":"AUDIT"}
2025-10-28 12:51:51 [INFO]: Audit Event | {"service":"voting-system","auditEvent":"CACHE_HIT","details":{"key":"position:5:candidates","source":"getCandidatesByPosition"},"category":"AUDIT"}
2025-10-28 12:51:51 [INFO]: Audit Event | {"service":"voting-system","auditEvent":"CACHE_HIT","details":{"key":"position:6:candidates","source":"getCandidatesByPosition"},"category":"AUDIT"}
2025-10-28 12:52:48 [INFO]: Authentication Event | {"service":"voting-system","userId":"1","action":"ADMIN_LOGIN","category":"AUTH"}
2025-10-28 12:52:57 [INFO]: Statistics Generated | {"service":"voting-system","stats":{"totalVoters":7,"totalVotesCast":6,"voterTurnout":42.86,"positionsWithStats":[{"positionId":5,"positionName":"President","totalCandidates":4,"totalVotes":12,"voterTurnout":42.86,"candidates":[{"candidateId":3,"candidateName":"TIE: Alice Johnson","manifesto":"Experienced leader focused on student welfare and academic excellence.","voteCount":1,"votePercentage":33.33},{"candidateId":4,"candidateName":"TIE: Bob Smith","manifesto":"Tech-savvy innovator dedicated to modernizing club operations.","voteCount":1,"votePercentage":33.33},{"candidateId":9,"candidateName":"TIE: Yohane Maluwa","manifesto":"Inetu ndichitenga ichi.","voteCount":1,"votePercentage":33.33},{"candidateId":5,"candidateName":"Carol Williams","manifesto":"Community organizer with strong communication skills.","voteCount":0,"votePercentage":0}]},{"positionId":6,"positionName":"Vice President","totalCandidates":3,"totalVotes":9,"voterTurnout":42.86,"candidates":[{"candidateId":6,"candidateName":"David Brown","manifesto":"Detail-oriented organizer with project management expertise.","voteCount":2,"votePercentage":66.67},{"candidateId":8,"candidateName":"Frank Wilson","manifesto":"Analytical problem-solver with financial management skills.","voteCount":1,"votePercentage":33.33},{"candidateId":7,"candidateName":"Emma Davis","manifesto":"Creative thinker focused on event planning and member engagement.","voteCount":0,"votePercentage":0}]}],"overallStats":{"totalPositions":2,"totalCandidates":7,"averageVotesPerPosition":3,"mostVotedPosition":"TIE: President & Vice President","leastVotedPosition":"TIE: President & Vice President"}},"category":"STATS"}
2025-10-28 12:52:57 [INFO]: Admin Action | {"service":"voting-system","adminId":1,"action":"VIEW_STATS","target":"overall","details":{"totalVoters":7,"totalVotes":6},"category":"ADMIN"}
2025-10-28 12:53:05 [INFO]: Statistics Generated | {"service":"voting-system","stats":{"totalVoters":7,"totalVotesCast":6,"voterTurnout":42.86,"positionsWithStats":[{"positionId":5,"positionName":"President","totalCandidates":4,"totalVotes":12,"voterTurnout":42.86,"candidates":[{"candidateId":3,"candidateName":"TIE: Alice Johnson","manifesto":"Experienced leader focused on student welfare and academic excellence.","voteCount":1,"votePercentage":33.33},{"candidateId":4,"candidateName":"TIE: Bob Smith","manifesto":"Tech-savvy innovator dedicated to modernizing club operations.","voteCount":1,"votePercentage":33.33},{"candidateId":9,"candidateName":"TIE: Yohane Maluwa","manifesto":"Inetu ndichitenga ichi.","voteCount":1,"votePercentage":33.33},{"candidateId":5,"candidateName":"Carol Williams","manifesto":"Community organizer with strong communication skills.","voteCount":0,"votePercentage":0}]},{"positionId":6,"positionName":"Vice President","totalCandidates":3,"totalVotes":9,"voterTurnout":42.86,"candidates":[{"candidateId":6,"candidateName":"David Brown","manifesto":"Detail-oriented organizer with project management expertise.","voteCount":2,"votePercentage":66.67},{"candidateId":8,"candidateName":"Frank Wilson","manifesto":"Analytical problem-solver with financial management skills.","voteCount":1,"votePercentage":33.33},{"candidateId":7,"candidateName":"Emma Davis","manifesto":"Creative thinker focused on event planning and member engagement.","voteCount":0,"votePercentage":0}]}],"overallStats":{"totalPositions":2,"totalCandidates":7,"averageVotesPerPosition":3,"mostVotedPosition":"TIE: President & Vice President","leastVotedPosition":"TIE: President & Vice President"}},"category":"STATS"}
2025-10-28 12:53:05 [INFO]: Admin Action | {"service":"voting-system","adminId":1,"action":"VIEW_STATS","target":"overall","details":{"totalVoters":7,"totalVotes":6},"category":"ADMIN"}
2025-10-28 13:01:09 [INFO]: Audit Event | {"service":"voting-system","auditEvent":"CACHE_DEL","details":{"key":"positions:all"},"category":"AUDIT"}
2025-10-28 13:01:09 [INFO]: Audit Event | {"service":"voting-system","auditEvent":"CACHE_EXPIRED","details":{"key":"positions:all"},"category":"AUDIT"}
2025-10-28 13:01:09 [INFO]: Audit Event | {"service":"voting-system","auditEvent":"CACHE_DEL","details":{"key":"position:5:candidates"},"category":"AUDIT"}
2025-10-28 13:01:09 [INFO]: Audit Event | {"service":"voting-system","auditEvent":"CACHE_EXPIRED","details":{"key":"position:5:candidates"},"category":"AUDIT"}
2025-10-28 13:01:09 [INFO]: Audit Event | {"service":"voting-system","auditEvent":"CACHE_DEL","details":{"key":"position:6:candidates"},"category":"AUDIT"}
2025-10-28 13:01:09 [INFO]: Audit Event | {"service":"voting-system","auditEvent":"CACHE_EXPIRED","details":{"key":"position:6:candidates"},"category":"AUDIT"}
2025-10-28 13:41:36 [ERROR]: Application Error | {"service":"voting-system","error":"getaddrinfo EAI_AGAIN sjbu-v-anthonyphiri533-0f2d.d.aivencloud.com","stack":"Error: getaddrinfo EAI_AGAIN sjbu-v-anthonyphiri533-0f2d.d.aivencloud.com\n    at /home/hanieyo1407/Downloads/DMI VOTING SYSTEM/api/node_modules/pg-pool/index.js:45:11\n    at processTicksAndRejections (node:internal/process/task_queues:105:5)","context":{"context":"getPositions"},"category":"ERROR"}
2025-10-28 13:41:36 [ERROR]: Application Error | {"service":"voting-system","error":"getaddrinfo EAI_AGAIN sjbu-v-anthonyphiri533-0f2d.d.aivencloud.com","stack":"Error: getaddrinfo EAI_AGAIN sjbu-v-anthonyphiri533-0f2d.d.aivencloud.com\n    at /home/hanieyo1407/Downloads/DMI VOTING SYSTEM/api/node_modules/pg-pool/index.js:45:11\n    at processTicksAndRejections (node:internal/process/task_queues:105:5)","context":{"context":"getPositions"},"category":"ERROR"}
2025-10-28 14:26:32 [INFO]: Audit Event | {"service":"voting-system","auditEvent":"CACHE_SET","details":{"key":"positions:all","size":62},"category":"AUDIT"}
2025-10-28 14:26:32 [INFO]: Audit Event | {"service":"voting-system","auditEvent":"CACHE_MISS","details":{"key":"positions:all","source":"getPositions"},"category":"AUDIT"}
2025-10-28 14:26:32 [INFO]: Audit Event | {"service":"voting-system","auditEvent":"CACHE_SET","details":{"key":"position:5:candidates","size":458},"category":"AUDIT"}
2025-10-28 14:26:32 [INFO]: Audit Event | {"service":"voting-system","auditEvent":"CACHE_MISS","details":{"key":"position:5:candidates","source":"getCandidatesByPosition"},"category":"AUDIT"}
2025-10-28 14:26:46 [INFO]: Audit Event | {"service":"voting-system","auditEvent":"CACHE_SET","details":{"key":"position:6:candidates","size":368},"category":"AUDIT"}
2025-10-28 14:26:46 [INFO]: Audit Event | {"service":"voting-system","auditEvent":"CACHE_MISS","details":{"key":"position:6:candidates","source":"getCandidatesByPosition"},"category":"AUDIT"}
2025-10-28 15:13:38 [ERROR]: Application Error | {"service":"voting-system","error":"getaddrinfo EAI_AGAIN sjbu-v-anthonyphiri533-0f2d.d.aivencloud.com","stack":"Error: getaddrinfo EAI_AGAIN sjbu-v-anthonyphiri533-0f2d.d.aivencloud.com\n    at /home/hanieyo1407/Downloads/DMI VOTING SYSTEM/api/node_modules/pg-pool/index.js:45:11\n    at processTicksAndRejections (node:internal/process/task_queues:105:5)","context":{"context":"db_pool_test_failed"},"category":"ERROR"}
2025-10-28 15:14:36 [INFO]: Audit Event | {"service":"voting-system","auditEvent":"CACHE_SET","details":{"key":"positions:all","size":62},"category":"AUDIT"}
2025-10-28 15:14:36 [INFO]: Audit Event | {"service":"voting-system","auditEvent":"CACHE_MISS","details":{"key":"positions:all","source":"getPositions"},"category":"AUDIT"}
2025-10-28 15:14:36 [INFO]: Audit Event | {"service":"voting-system","auditEvent":"CACHE_HIT","details":{"key":"positions:all","source":"getPositions"},"category":"AUDIT"}
2025-10-28 15:14:37 [INFO]: Audit Event | {"service":"voting-system","auditEvent":"CACHE_SET","details":{"key":"position:5:candidates","size":458},"category":"AUDIT"}
2025-10-28 15:14:37 [INFO]: Audit Event | {"service":"voting-system","auditEvent":"CACHE_MISS","details":{"key":"position:5:candidates","source":"getCandidatesByPosition"},"category":"AUDIT"}
2025-10-28 15:14:37 [INFO]: Audit Event | {"service":"voting-system","auditEvent":"CACHE_HIT","details":{"key":"position:5:candidates","source":"getCandidatesByPosition"},"category":"AUDIT"}
2025-10-28 15:14:44 [INFO]: Audit Event | {"service":"voting-system","auditEvent":"CACHE_SET","details":{"key":"position:6:candidates","size":368},"category":"AUDIT"}
2025-10-28 15:14:44 [INFO]: Audit Event | {"service":"voting-system","auditEvent":"CACHE_MISS","details":{"key":"position:6:candidates","source":"getCandidatesByPosition"},"category":"AUDIT"}
2025-10-28 15:14:44 [INFO]: Audit Event | {"service":"voting-system","auditEvent":"CACHE_HIT","details":{"key":"position:6:candidates","source":"getCandidatesByPosition"},"category":"AUDIT"}
2025-10-28 15:15:06 [INFO]: Authentication Event | {"service":"voting-system","userId":"1","action":"ADMIN_LOGIN","category":"AUTH"}
2025-10-28 15:15:15 [INFO]: Admin Action | {"service":"voting-system","adminId":1,"action":"VIEW_AUDIT_LOGS","target":"audit_log_list","details":{"count":0},"category":"ADMIN"}
2025-10-28 15:15:15 [INFO]: Admin Action | {"service":"voting-system","adminId":1,"action":"VIEW_AUDIT_LOGS","target":"audit_log_list","details":{"count":0},"category":"ADMIN"}
2025-10-28 15:15:18 [INFO]: Statistics Generated | {"service":"voting-system","stats":{"totalVoters":7,"totalVotesCast":6,"voterTurnout":42.86,"positionsWithStats":[{"positionId":5,"positionName":"President","totalCandidates":4,"totalVotes":12,"voterTurnout":42.86,"candidates":[{"candidateId":3,"candidateName":"TIE: Alice Johnson","manifesto":"Experienced leader focused on student welfare and academic excellence.","voteCount":1,"votePercentage":33.33},{"candidateId":4,"candidateName":"TIE: Bob Smith","manifesto":"Tech-savvy innovator dedicated to modernizing club operations.","voteCount":1,"votePercentage":33.33},{"candidateId":9,"candidateName":"TIE: Yohane Maluwa","manifesto":"Inetu ndichitenga ichi.","voteCount":1,"votePercentage":33.33},{"candidateId":5,"candidateName":"Carol Williams","manifesto":"Community organizer with strong communication skills.","voteCount":0,"votePercentage":0}]},{"positionId":6,"positionName":"Vice President","totalCandidates":3,"totalVotes":9,"voterTurnout":42.86,"candidates":[{"candidateId":6,"candidateName":"David Brown","manifesto":"Detail-oriented organizer with project management expertise.","voteCount":2,"votePercentage":66.67},{"candidateId":8,"candidateName":"Frank Wilson","manifesto":"Analytical problem-solver with financial management skills.","voteCount":1,"votePercentage":33.33},{"candidateId":7,"candidateName":"Emma Davis","manifesto":"Creative thinker focused on event planning and member engagement.","voteCount":0,"votePercentage":0}]}],"overallStats":{"totalPositions":2,"totalCandidates":7,"averageVotesPerPosition":3,"mostVotedPosition":"TIE: President & Vice President","leastVotedPosition":"TIE: President & Vice President"}},"category":"STATS"}
2025-10-28 15:15:18 [INFO]: Admin Action | {"service":"voting-system","adminId":1,"action":"VIEW_STATS","target":"overall","details":{"totalVoters":7,"totalVotes":6},"category":"ADMIN"}
2025-10-28 15:15:19 [INFO]: Admin Action | {"service":"voting-system","adminId":1,"action":"VIEW_AUDIT_LOGS","target":"audit_log_list","details":{"count":0},"category":"ADMIN"}
2025-10-28 15:15:22 [INFO]: Admin Action | {"service":"voting-system","adminId":1,"action":"VIEW_AUDIT_LOGS","target":"audit_log_list","details":{"count":0},"category":"ADMIN"}
2025-10-28 15:15:24 [INFO]: Admin Action | {"service":"voting-system","adminId":1,"action":"VIEW_AUDIT_LOGS","target":"audit_log_list","details":{"count":0},"category":"ADMIN"}
2025-10-28 15:15:29 [INFO]: Admin Action | {"service":"voting-system","adminId":1,"action":"VIEW_AUDIT_LOGS","target":"audit_log_list","details":{"count":0},"category":"ADMIN"}
2025-10-28 15:15:33 [INFO]: Statistics Generated | {"service":"voting-system","stats":{"totalVoters":7,"totalVotesCast":6,"voterTurnout":42.86,"positionsWithStats":[{"positionId":5,"positionName":"President","totalCandidates":4,"totalVotes":12,"voterTurnout":42.86,"candidates":[{"candidateId":3,"candidateName":"TIE: Alice Johnson","manifesto":"Experienced leader focused on student welfare and academic excellence.","voteCount":1,"votePercentage":33.33},{"candidateId":4,"candidateName":"TIE: Bob Smith","manifesto":"Tech-savvy innovator dedicated to modernizing club operations.","voteCount":1,"votePercentage":33.33},{"candidateId":9,"candidateName":"TIE: Yohane Maluwa","manifesto":"Inetu ndichitenga ichi.","voteCount":1,"votePercentage":33.33},{"candidateId":5,"candidateName":"Carol Williams","manifesto":"Community organizer with strong communication skills.","voteCount":0,"votePercentage":0}]},{"positionId":6,"positionName":"Vice President","totalCandidates":3,"totalVotes":9,"voterTurnout":42.86,"candidates":[{"candidateId":6,"candidateName":"David Brown","manifesto":"Detail-oriented organizer with project management expertise.","voteCount":2,"votePercentage":66.67},{"candidateId":8,"candidateName":"Frank Wilson","manifesto":"Analytical problem-solver with financial management skills.","voteCount":1,"votePercentage":33.33},{"candidateId":7,"candidateName":"Emma Davis","manifesto":"Creative thinker focused on event planning and member engagement.","voteCount":0,"votePercentage":0}]}],"overallStats":{"totalPositions":2,"totalCandidates":7,"averageVotesPerPosition":3,"mostVotedPosition":"TIE: President & Vice President","leastVotedPosition":"TIE: President & Vice President"}},"category":"STATS"}
2025-10-28 15:15:33 [INFO]: Admin Action | {"service":"voting-system","adminId":1,"action":"VIEW_STATS","target":"overall","details":{"totalVoters":7,"totalVotes":6},"category":"ADMIN"}
2025-10-28 15:25:15 [INFO]: Audit Event | {"service":"voting-system","auditEvent":"CACHE_DEL","details":{"key":"positions:all"},"category":"AUDIT"}
2025-10-28 15:25:15 [INFO]: Audit Event | {"service":"voting-system","auditEvent":"CACHE_EXPIRED","details":{"key":"positions:all"},"category":"AUDIT"}
2025-10-28 15:25:15 [INFO]: Audit Event | {"service":"voting-system","auditEvent":"CACHE_DEL","details":{"key":"position:5:candidates"},"category":"AUDIT"}
2025-10-28 15:25:15 [INFO]: Audit Event | {"service":"voting-system","auditEvent":"CACHE_EXPIRED","details":{"key":"position:5:candidates"},"category":"AUDIT"}
2025-10-28 15:25:15 [INFO]: Audit Event | {"service":"voting-system","auditEvent":"CACHE_DEL","details":{"key":"position:6:candidates"},"category":"AUDIT"}
2025-10-28 15:25:15 [INFO]: Audit Event | {"service":"voting-system","auditEvent":"CACHE_EXPIRED","details":{"key":"position:6:candidates"},"category":"AUDIT"}
2025-10-28 16:56:55 [INFO]: Audit Event | {"service":"voting-system","auditEvent":"CACHE_SET","details":{"key":"positions:all","size":62},"category":"AUDIT"}
2025-10-28 16:56:55 [INFO]: Audit Event | {"service":"voting-system","auditEvent":"CACHE_MISS","details":{"key":"positions:all","source":"getPositions"},"category":"AUDIT"}
2025-10-28 16:56:55 [INFO]: Audit Event | {"service":"voting-system","auditEvent":"CACHE_HIT","details":{"key":"positions:all","source":"getPositions"},"category":"AUDIT"}
2025-10-28 16:56:56 [INFO]: Audit Event | {"service":"voting-system","auditEvent":"CACHE_SET","details":{"key":"position:5:candidates","size":458},"category":"AUDIT"}
2025-10-28 16:56:56 [INFO]: Audit Event | {"service":"voting-system","auditEvent":"CACHE_MISS","details":{"key":"position:5:candidates","source":"getCandidatesByPosition"},"category":"AUDIT"}
2025-10-28 16:56:56 [INFO]: Audit Event | {"service":"voting-system","auditEvent":"CACHE_HIT","details":{"key":"position:5:candidates","source":"getCandidatesByPosition"},"category":"AUDIT"}
2025-10-28 16:57:03 [INFO]: Audit Event | {"service":"voting-system","auditEvent":"CACHE_SET","details":{"key":"position:6:candidates","size":368},"category":"AUDIT"}
2025-10-28 16:57:03 [INFO]: Audit Event | {"service":"voting-system","auditEvent":"CACHE_MISS","details":{"key":"position:6:candidates","source":"getCandidatesByPosition"},"category":"AUDIT"}
2025-10-28 16:57:03 [INFO]: Audit Event | {"service":"voting-system","auditEvent":"CACHE_HIT","details":{"key":"position:6:candidates","source":"getCandidatesByPosition"},"category":"AUDIT"}
2025-10-28 16:57:44 [INFO]: Authentication Event | {"service":"voting-system","userId":"1","action":"ADMIN_LOGIN","category":"AUTH"}
2025-10-28 16:57:49 [INFO]: Admin Action | {"service":"voting-system","adminId":1,"action":"VIEW_AUDIT_LOGS","target":"audit_log_list","details":{"count":0},"category":"ADMIN"}
2025-10-28 16:57:50 [INFO]: Admin Action | {"service":"voting-system","adminId":1,"action":"VIEW_AUDIT_LOGS","target":"audit_log_list","details":{"count":0},"category":"ADMIN"}
2025-10-28 16:57:54 [INFO]: Admin Action | {"service":"voting-system","adminId":1,"action":"VIEW_AUDIT_LOGS","target":"audit_log_list","details":{"count":0},"category":"ADMIN"}
2025-10-28 16:57:59 [INFO]: Statistics Generated | {"service":"voting-system","stats":{"totalVoters":7,"totalVotesCast":6,"voterTurnout":42.86,"positionsWithStats":[{"positionId":5,"positionName":"President","totalCandidates":4,"totalVotes":12,"voterTurnout":42.86,"candidates":[{"candidateId":3,"candidateName":"TIE: Alice Johnson","manifesto":"Experienced leader focused on student welfare and academic excellence.","voteCount":1,"votePercentage":33.33},{"candidateId":4,"candidateName":"TIE: Bob Smith","manifesto":"Tech-savvy innovator dedicated to modernizing club operations.","voteCount":1,"votePercentage":33.33},{"candidateId":9,"candidateName":"TIE: Yohane Maluwa","manifesto":"Inetu ndichitenga ichi.","voteCount":1,"votePercentage":33.33},{"candidateId":5,"candidateName":"Carol Williams","manifesto":"Community organizer with strong communication skills.","voteCount":0,"votePercentage":0}]},{"positionId":6,"positionName":"Vice President","totalCandidates":3,"totalVotes":9,"voterTurnout":42.86,"candidates":[{"candidateId":6,"candidateName":"David Brown","manifesto":"Detail-oriented organizer with project management expertise.","voteCount":2,"votePercentage":66.67},{"candidateId":8,"candidateName":"Frank Wilson","manifesto":"Analytical problem-solver with financial management skills.","voteCount":1,"votePercentage":33.33},{"candidateId":7,"candidateName":"Emma Davis","manifesto":"Creative thinker focused on event planning and member engagement.","voteCount":0,"votePercentage":0}]}],"overallStats":{"totalPositions":2,"totalCandidates":7,"averageVotesPerPosition":3,"mostVotedPosition":"TIE: President & Vice President","leastVotedPosition":"TIE: President & Vice President"}},"category":"STATS"}
2025-10-28 16:57:59 [INFO]: Admin Action | {"service":"voting-system","adminId":1,"action":"VIEW_STATS","target":"overall","details":{"totalVoters":7,"totalVotes":6},"category":"ADMIN"}
2025-10-28 16:58:09 [INFO]: Statistics Generated | {"service":"voting-system","stats":{"totalVoters":7,"totalVotesCast":6,"voterTurnout":42.86,"positionsWithStats":[{"positionId":5,"positionName":"President","totalCandidates":4,"totalVotes":12,"voterTurnout":42.86,"candidates":[{"candidateId":3,"candidateName":"TIE: Alice Johnson","manifesto":"Experienced leader focused on student welfare and academic excellence.","voteCount":1,"votePercentage":33.33},{"candidateId":4,"candidateName":"TIE: Bob Smith","manifesto":"Tech-savvy innovator dedicated to modernizing club operations.","voteCount":1,"votePercentage":33.33},{"candidateId":9,"candidateName":"TIE: Yohane Maluwa","manifesto":"Inetu ndichitenga ichi.","voteCount":1,"votePercentage":33.33},{"candidateId":5,"candidateName":"Carol Williams","manifesto":"Community organizer with strong communication skills.","voteCount":0,"votePercentage":0}]},{"positionId":6,"positionName":"Vice President","totalCandidates":3,"totalVotes":9,"voterTurnout":42.86,"candidates":[{"candidateId":6,"candidateName":"David Brown","manifesto":"Detail-oriented organizer with project management expertise.","voteCount":2,"votePercentage":66.67},{"candidateId":8,"candidateName":"Frank Wilson","manifesto":"Analytical problem-solver with financial management skills.","voteCount":1,"votePercentage":33.33},{"candidateId":7,"candidateName":"Emma Davis","manifesto":"Creative thinker focused on event planning and member engagement.","voteCount":0,"votePercentage":0}]}],"overallStats":{"totalPositions":2,"totalCandidates":7,"averageVotesPerPosition":3,"mostVotedPosition":"TIE: President & Vice President","leastVotedPosition":"TIE: President & Vice President"}},"category":"STATS"}
2025-10-28 16:58:09 [INFO]: Admin Action | {"service":"voting-system","adminId":1,"action":"VIEW_STATS","target":"overall","details":{"totalVoters":7,"totalVotes":6},"category":"ADMIN"}
2025-10-28 17:07:37 [INFO]: Audit Event | {"service":"voting-system","auditEvent":"CACHE_DEL","details":{"key":"positions:all"},"category":"AUDIT"}
2025-10-28 17:07:37 [INFO]: Audit Event | {"service":"voting-system","auditEvent":"CACHE_EXPIRED","details":{"key":"positions:all"},"category":"AUDIT"}
2025-10-28 17:07:37 [INFO]: Audit Event | {"service":"voting-system","auditEvent":"CACHE_DEL","details":{"key":"position:5:candidates"},"category":"AUDIT"}
2025-10-28 17:07:37 [INFO]: Audit Event | {"service":"voting-system","auditEvent":"CACHE_EXPIRED","details":{"key":"position:5:candidates"},"category":"AUDIT"}
2025-10-28 17:07:37 [INFO]: Audit Event | {"service":"voting-system","auditEvent":"CACHE_DEL","details":{"key":"position:6:candidates"},"category":"AUDIT"}
2025-10-28 17:07:37 [INFO]: Audit Event | {"service":"voting-system","auditEvent":"CACHE_EXPIRED","details":{"key":"position:6:candidates"},"category":"AUDIT"}
2025-10-28 18:09:09 [INFO]: Audit Event | {"service":"voting-system","auditEvent":"CACHE_SET","details":{"key":"positions:all","size":62},"category":"AUDIT"}
2025-10-28 18:09:09 [INFO]: Audit Event | {"service":"voting-system","auditEvent":"CACHE_MISS","details":{"key":"positions:all","source":"getPositions"},"category":"AUDIT"}
2025-10-28 18:09:12 [INFO]: Audit Event | {"service":"voting-system","auditEvent":"CACHE_HIT","details":{"key":"positions:all","source":"getPositions"},"category":"AUDIT"}
2025-10-28 18:09:13 [INFO]: Audit Event | {"service":"voting-system","auditEvent":"CACHE_HIT","details":{"key":"positions:all","source":"getPositions"},"category":"AUDIT"}
2025-10-28 18:09:13 [INFO]: Audit Event | {"service":"voting-system","auditEvent":"CACHE_HIT","details":{"key":"positions:all","source":"getPositions"},"category":"AUDIT"}
2025-10-28 18:09:14 [INFO]: Audit Event | {"service":"voting-system","auditEvent":"CACHE_HIT","details":{"key":"positions:all","source":"getPositions"},"category":"AUDIT"}
2025-10-28 18:09:24 [INFO]: Audit Event | {"service":"voting-system","auditEvent":"CACHE_HIT","details":{"key":"positions:all","source":"getPositions"},"category":"AUDIT"}
2025-10-28 18:09:24 [INFO]: Audit Event | {"service":"voting-system","auditEvent":"CACHE_HIT","details":{"key":"positions:all","source":"getPositions"},"category":"AUDIT"}
2025-10-28 18:09:26 [INFO]: Audit Event | {"service":"voting-system","auditEvent":"CACHE_HIT","details":{"key":"positions:all","source":"getPositions"},"category":"AUDIT"}
2025-10-28 18:09:39 [INFO]: Audit Event | {"service":"voting-system","auditEvent":"CACHE_HIT","details":{"key":"positions:all","source":"getPositions"},"category":"AUDIT"}
2025-10-28 18:09:40 [INFO]: Audit Event | {"service":"voting-system","auditEvent":"CACHE_HIT","details":{"key":"positions:all","source":"getPositions"},"category":"AUDIT"}
2025-10-28 18:10:41 [INFO]: Audit Event | {"service":"voting-system","auditEvent":"CACHE_SET","details":{"key":"positions:all","size":62},"category":"AUDIT"}
2025-10-28 18:10:41 [INFO]: Audit Event | {"service":"voting-system","auditEvent":"CACHE_MISS","details":{"key":"positions:all","source":"getPositions"},"category":"AUDIT"}
2025-10-28 18:11:12 [INFO]: Audit Event | {"service":"voting-system","auditEvent":"CACHE_HIT","details":{"key":"positions:all","source":"getPositions"},"category":"AUDIT"}
2025-10-28 18:11:12 [INFO]: Audit Event | {"service":"voting-system","auditEvent":"CACHE_HIT","details":{"key":"positions:all","source":"getPositions"},"category":"AUDIT"}
2025-10-28 18:23:10 [INFO]: Audit Event | {"service":"voting-system","auditEvent":"CACHE_DEL","details":{"key":"positions:all"},"category":"AUDIT"}
2025-10-28 18:23:10 [INFO]: Audit Event | {"service":"voting-system","auditEvent":"CACHE_EXPIRED","details":{"key":"positions:all"},"category":"AUDIT"}
2025-10-28 18:23:11 [ERROR]: Application Error | {"service":"voting-system","error":"read ECONNRESET","stack":"Error: read ECONNRESET\n    at /home/hanieyo1407/Downloads/DMI VOTING SYSTEM/api/node_modules/pg-pool/index.js:45:11\n    at processTicksAndRejections (node:internal/process/task_queues:105:5)","context":{"context":"getPositions"},"category":"ERROR"}
2025-10-28 18:23:24 [INFO]: Audit Event | {"service":"voting-system","auditEvent":"CACHE_SET","details":{"key":"positions:all","size":62},"category":"AUDIT"}
2025-10-28 18:23:24 [INFO]: Audit Event | {"service":"voting-system","auditEvent":"CACHE_MISS","details":{"key":"positions:all","source":"getPositions"},"category":"AUDIT"}
2025-10-28 18:23:37 [INFO]: Audit Event | {"service":"voting-system","auditEvent":"CACHE_HIT","details":{"key":"positions:all","source":"getPositions"},"category":"AUDIT"}
2025-10-28 18:23:37 [INFO]: Audit Event | {"service":"voting-system","auditEvent":"CACHE_HIT","details":{"key":"positions:all","source":"getPositions"},"category":"AUDIT"}
2025-10-28 18:34:17 [INFO]: Audit Event | {"service":"voting-system","auditEvent":"CACHE_DEL","details":{"key":"positions:all"},"category":"AUDIT"}
2025-10-28 18:34:17 [INFO]: Audit Event | {"service":"voting-system","auditEvent":"CACHE_EXPIRED","details":{"key":"positions:all"},"category":"AUDIT"}
2025-10-28 20:57:48 [INFO]: Audit Event | {"service":"voting-system","auditEvent":"CACHE_SET","details":{"key":"positions:all","size":62},"category":"AUDIT"}
2025-10-28 20:57:48 [INFO]: Audit Event | {"service":"voting-system","auditEvent":"CACHE_MISS","details":{"key":"positions:all","source":"getPositions"},"category":"AUDIT"}
2025-10-28 20:57:50 [INFO]: Audit Event | {"service":"voting-system","auditEvent":"CACHE_HIT","details":{"key":"positions:all","source":"getPositions"},"category":"AUDIT"}
2025-10-28 20:57:51 [INFO]: Audit Event | {"service":"voting-system","auditEvent":"CACHE_HIT","details":{"key":"positions:all","source":"getPositions"},"category":"AUDIT"}
2025-10-28 20:58:00 [INFO]: Audit Event | {"service":"voting-system","auditEvent":"CACHE_HIT","details":{"key":"positions:all","source":"getPositions"},"category":"AUDIT"}
2025-10-28 20:58:00 [INFO]: Audit Event | {"service":"voting-system","auditEvent":"CACHE_HIT","details":{"key":"positions:all","source":"getPositions"},"category":"AUDIT"}
2025-10-28 21:02:57 [INFO]: Audit Event | {"service":"voting-system","auditEvent":"CACHE_HIT","details":{"key":"positions:all","source":"getPositions"},"category":"AUDIT"}
2025-10-28 21:02:57 [INFO]: Audit Event | {"service":"voting-system","auditEvent":"CACHE_HIT","details":{"key":"positions:all","source":"getPositions"},"category":"AUDIT"}
2025-10-28 23:25:38 [INFO]: Audit Event | {"service":"voting-system","auditEvent":"CACHE_DEL","details":{"key":"positions:all"},"category":"AUDIT"}
2025-10-28 23:25:38 [INFO]: Audit Event | {"service":"voting-system","auditEvent":"CACHE_EXPIRED","details":{"key":"positions:all"},"category":"AUDIT"}
2025-10-28 23:26:34 [INFO]: Audit Event | {"service":"voting-system","auditEvent":"CACHE_SET","details":{"key":"positions:all","size":62},"category":"AUDIT"}
2025-10-28 23:26:34 [INFO]: Audit Event | {"service":"voting-system","auditEvent":"CACHE_MISS","details":{"key":"positions:all","source":"getPositions"},"category":"AUDIT"}
2025-10-28 23:26:35 [INFO]: Audit Event | {"service":"voting-system","auditEvent":"CACHE_HIT","details":{"key":"positions:all","source":"getPositions"},"category":"AUDIT"}
2025-10-28 23:26:35 [INFO]: Audit Event | {"service":"voting-system","auditEvent":"CACHE_HIT","details":{"key":"positions:all","source":"getPositions"},"category":"AUDIT"}
2025-10-28 23:26:36 [INFO]: Audit Event | {"service":"voting-system","auditEvent":"CACHE_HIT","details":{"key":"positions:all","source":"getPositions"},"category":"AUDIT"}
2025-10-28 23:26:36 [INFO]: Audit Event | {"service":"voting-system","auditEvent":"CACHE_HIT","details":{"key":"positions:all","source":"getPositions"},"category":"AUDIT"}
2025-10-28 23:26:36 [INFO]: Audit Event | {"service":"voting-system","auditEvent":"CACHE_HIT","details":{"key":"positions:all","source":"getPositions"},"category":"AUDIT"}
2025-10-28 23:26:37 [INFO]: Audit Event | {"service":"voting-system","auditEvent":"CACHE_HIT","details":{"key":"positions:all","source":"getPositions"},"category":"AUDIT"}
2025-10-28 23:26:37 [INFO]: Audit Event | {"service":"voting-system","auditEvent":"CACHE_HIT","details":{"key":"positions:all","source":"getPositions"},"category":"AUDIT"}
2025-10-28 23:26:37 [INFO]: Audit Event | {"service":"voting-system","auditEvent":"CACHE_HIT","details":{"key":"positions:all","source":"getPositions"},"category":"AUDIT"}
2025-10-28 23:26:37 [INFO]: Audit Event | {"service":"voting-system","auditEvent":"CACHE_HIT","details":{"key":"positions:all","source":"getPositions"},"category":"AUDIT"}
2025-10-28 23:26:37 [INFO]: Audit Event | {"service":"voting-system","auditEvent":"CACHE_HIT","details":{"key":"positions:all","source":"getPositions"},"category":"AUDIT"}
2025-10-28 23:26:38 [INFO]: Audit Event | {"service":"voting-system","auditEvent":"CACHE_HIT","details":{"key":"positions:all","source":"getPositions"},"category":"AUDIT"}
2025-10-28 23:26:38 [INFO]: Audit Event | {"service":"voting-system","auditEvent":"CACHE_HIT","details":{"key":"positions:all","source":"getPositions"},"category":"AUDIT"}
2025-10-28 23:26:38 [INFO]: Audit Event | {"service":"voting-system","auditEvent":"CACHE_HIT","details":{"key":"positions:all","source":"getPositions"},"category":"AUDIT"}
2025-10-28 23:26:38 [INFO]: Audit Event | {"service":"voting-system","auditEvent":"CACHE_HIT","details":{"key":"positions:all","source":"getPositions"},"category":"AUDIT"}
2025-10-28 23:26:39 [INFO]: Audit Event | {"service":"voting-system","auditEvent":"CACHE_HIT","details":{"key":"positions:all","source":"getPositions"},"category":"AUDIT"}
2025-10-28 23:26:39 [INFO]: Audit Event | {"service":"voting-system","auditEvent":"CACHE_HIT","details":{"key":"positions:all","source":"getPositions"},"category":"AUDIT"}
2025-10-28 23:26:40 [INFO]: Audit Event | {"service":"voting-system","auditEvent":"CACHE_HIT","details":{"key":"positions:all","source":"getPositions"},"category":"AUDIT"}
2025-10-28 23:27:04 [INFO]: Audit Event | {"service":"voting-system","auditEvent":"CACHE_SET","details":{"key":"positions:all","size":62},"category":"AUDIT"}
2025-10-28 23:27:04 [INFO]: Audit Event | {"service":"voting-system","auditEvent":"CACHE_MISS","details":{"key":"positions:all","source":"getPositions"},"category":"AUDIT"}
2025-10-28 23:27:04 [INFO]: Audit Event | {"service":"voting-system","auditEvent":"CACHE_HIT","details":{"key":"positions:all","source":"getPositions"},"category":"AUDIT"}
2025-10-28 23:27:06 [INFO]: Audit Event | {"service":"voting-system","auditEvent":"CACHE_HIT","details":{"key":"positions:all","source":"getPositions"},"category":"AUDIT"}
2025-10-28 23:30:00 [INFO]: Audit Event | {"service":"voting-system","auditEvent":"CACHE_SET","details":{"key":"positions:all","size":62},"category":"AUDIT"}
2025-10-28 23:30:00 [INFO]: Audit Event | {"service":"voting-system","auditEvent":"CACHE_MISS","details":{"key":"positions:all","source":"getPositions"},"category":"AUDIT"}
2025-10-28 23:30:38 [INFO]: Audit Event | {"service":"voting-system","auditEvent":"CACHE_SET","details":{"key":"positions:all","size":62},"category":"AUDIT"}
2025-10-28 23:30:38 [INFO]: Audit Event | {"service":"voting-system","auditEvent":"CACHE_MISS","details":{"key":"positions:all","source":"getPositions"},"category":"AUDIT"}
2025-10-28 23:30:38 [INFO]: Audit Event | {"service":"voting-system","auditEvent":"CACHE_HIT","details":{"key":"positions:all","source":"getPositions"},"category":"AUDIT"}
2025-10-28 23:31:22 [INFO]: Audit Event | {"service":"voting-system","auditEvent":"CACHE_HIT","details":{"key":"positions:all","source":"getPositions"},"category":"AUDIT"}
2025-10-28 23:31:23 [INFO]: Audit Event | {"service":"voting-system","auditEvent":"CACHE_HIT","details":{"key":"positions:all","source":"getPositions"},"category":"AUDIT"}
2025-10-28 23:31:25 [INFO]: Audit Event | {"service":"voting-system","auditEvent":"CACHE_HIT","details":{"key":"positions:all","source":"getPositions"},"category":"AUDIT"}
2025-10-28 23:31:25 [INFO]: Audit Event | {"service":"voting-system","auditEvent":"CACHE_HIT","details":{"key":"positions:all","source":"getPositions"},"category":"AUDIT"}
2025-10-28 23:31:44 [INFO]: Audit Event | {"service":"voting-system","auditEvent":"CACHE_SET","details":{"key":"positions:all","size":62},"category":"AUDIT"}
2025-10-28 23:31:44 [INFO]: Audit Event | {"service":"voting-system","auditEvent":"CACHE_MISS","details":{"key":"positions:all","source":"getPositions"},"category":"AUDIT"}
2025-10-28 23:31:45 [INFO]: Audit Event | {"service":"voting-system","auditEvent":"CACHE_SET","details":{"key":"position:5:candidates","size":458},"category":"AUDIT"}
2025-10-28 23:31:45 [INFO]: Audit Event | {"service":"voting-system","auditEvent":"CACHE_MISS","details":{"key":"position:5:candidates","source":"getCandidatesByPosition"},"category":"AUDIT"}
2025-10-28 23:31:45 [INFO]: Audit Event | {"service":"voting-system","auditEvent":"CACHE_SET","details":{"key":"position:6:candidates","size":368},"category":"AUDIT"}
2025-10-28 23:31:45 [INFO]: Audit Event | {"service":"voting-system","auditEvent":"CACHE_MISS","details":{"key":"position:6:candidates","source":"getCandidatesByPosition"},"category":"AUDIT"}
2025-10-28 23:32:02 [INFO]: Authentication Event | {"service":"voting-system","userId":"1","action":"ADMIN_LOGIN","category":"AUTH"}
2025-10-28 23:32:11 [INFO]: Statistics Generated | {"service":"voting-system","stats":{"totalVoters":7,"totalVotesCast":6,"voterTurnout":42.86,"positionsWithStats":[{"positionId":5,"positionName":"President","totalCandidates":4,"totalVotes":12,"voterTurnout":42.86,"candidates":[{"candidateId":3,"candidateName":"TIE: Alice Johnson","manifesto":"Experienced leader focused on student welfare and academic excellence.","voteCount":1,"votePercentage":33.33},{"candidateId":4,"candidateName":"TIE: Bob Smith","manifesto":"Tech-savvy innovator dedicated to modernizing club operations.","voteCount":1,"votePercentage":33.33},{"candidateId":9,"candidateName":"TIE: Yohane Maluwa","manifesto":"Inetu ndichitenga ichi.","voteCount":1,"votePercentage":33.33},{"candidateId":5,"candidateName":"Carol Williams","manifesto":"Community organizer with strong communication skills.","voteCount":0,"votePercentage":0}]},{"positionId":6,"positionName":"Vice President","totalCandidates":3,"totalVotes":9,"voterTurnout":42.86,"candidates":[{"candidateId":6,"candidateName":"David Brown","manifesto":"Detail-oriented organizer with project management expertise.","voteCount":2,"votePercentage":66.67},{"candidateId":8,"candidateName":"Frank Wilson","manifesto":"Analytical problem-solver with financial management skills.","voteCount":1,"votePercentage":33.33},{"candidateId":7,"candidateName":"Emma Davis","manifesto":"Creative thinker focused on event planning and member engagement.","voteCount":0,"votePercentage":0}]}],"overallStats":{"totalPositions":2,"totalCandidates":7,"averageVotesPerPosition":3,"mostVotedPosition":"TIE: President & Vice President","leastVotedPosition":"TIE: President & Vice President"}},"category":"STATS"}
2025-10-28 23:32:11 [INFO]: Admin Action | {"service":"voting-system","adminId":1,"action":"VIEW_STATS","target":"overall","details":{"totalVoters":7,"totalVotes":6},"category":"ADMIN"}
2025-10-28 23:32:12 [INFO]: Admin Action | {"service":"voting-system","adminId":1,"action":"VIEW_AUDIT_LOGS","target":"audit_log_list","details":{"count":0},"category":"ADMIN"}
2025-10-28 23:32:12 [INFO]: Admin Action | {"service":"voting-system","adminId":1,"action":"VIEW_AUDIT_LOGS","target":"audit_log_list","details":{"count":0},"category":"ADMIN"}
2025-10-28 23:32:15 [INFO]: Admin Action | {"service":"voting-system","adminId":1,"action":"VIEW_AUDIT_LOGS","target":"audit_log_list","details":{"count":0},"category":"ADMIN"}
2025-10-28 23:32:17 [INFO]: Admin Action | {"service":"voting-system","adminId":1,"action":"VIEW_AUDIT_LOGS","target":"audit_log_list","details":{"count":0},"category":"ADMIN"}
2025-10-28 23:32:18 [INFO]: Admin Action | {"service":"voting-system","adminId":1,"action":"VIEW_AUDIT_LOGS","target":"audit_log_list","details":{"count":0},"category":"ADMIN"}
2025-10-28 23:32:20 [INFO]: Statistics Generated | {"service":"voting-system","stats":{"totalVoters":7,"totalVotesCast":6,"voterTurnout":42.86,"positionsWithStats":[{"positionId":5,"positionName":"President","totalCandidates":4,"totalVotes":12,"voterTurnout":42.86,"candidates":[{"candidateId":3,"candidateName":"TIE: Alice Johnson","manifesto":"Experienced leader focused on student welfare and academic excellence.","voteCount":1,"votePercentage":33.33},{"candidateId":4,"candidateName":"TIE: Bob Smith","manifesto":"Tech-savvy innovator dedicated to modernizing club operations.","voteCount":1,"votePercentage":33.33},{"candidateId":9,"candidateName":"TIE: Yohane Maluwa","manifesto":"Inetu ndichitenga ichi.","voteCount":1,"votePercentage":33.33},{"candidateId":5,"candidateName":"Carol Williams","manifesto":"Community organizer with strong communication skills.","voteCount":0,"votePercentage":0}]},{"positionId":6,"positionName":"Vice President","totalCandidates":3,"totalVotes":9,"voterTurnout":42.86,"candidates":[{"candidateId":6,"candidateName":"David Brown","manifesto":"Detail-oriented organizer with project management expertise.","voteCount":2,"votePercentage":66.67},{"candidateId":8,"candidateName":"Frank Wilson","manifesto":"Analytical problem-solver with financial management skills.","voteCount":1,"votePercentage":33.33},{"candidateId":7,"candidateName":"Emma Davis","manifesto":"Creative thinker focused on event planning and member engagement.","voteCount":0,"votePercentage":0}]}],"overallStats":{"totalPositions":2,"totalCandidates":7,"averageVotesPerPosition":3,"mostVotedPosition":"TIE: President & Vice President","leastVotedPosition":"TIE: President & Vice President"}},"category":"STATS"}
2025-10-28 23:32:20 [INFO]: Admin Action | {"service":"voting-system","adminId":1,"action":"VIEW_STATS","target":"overall","details":{"totalVoters":7,"totalVotes":6},"category":"ADMIN"}
2025-10-28 23:33:45 [INFO]: Audit Event | {"service":"voting-system","auditEvent":"CACHE_SET","details":{"key":"positions:all","size":62},"category":"AUDIT"}
2025-10-28 23:33:45 [INFO]: Audit Event | {"service":"voting-system","auditEvent":"CACHE_MISS","details":{"key":"positions:all","source":"getPositions"},"category":"AUDIT"}
2025-10-28 23:33:45 [INFO]: Audit Event | {"service":"voting-system","auditEvent":"CACHE_HIT","details":{"key":"positions:all","source":"getPositions"},"category":"AUDIT"}
2025-10-28 23:33:45 [INFO]: Audit Event | {"service":"voting-system","auditEvent":"CACHE_SET","details":{"key":"position:5:candidates","size":458},"category":"AUDIT"}
2025-10-28 23:33:45 [INFO]: Audit Event | {"service":"voting-system","auditEvent":"CACHE_MISS","details":{"key":"position:5:candidates","source":"getCandidatesByPosition"},"category":"AUDIT"}
2025-10-28 23:33:45 [INFO]: Audit Event | {"service":"voting-system","auditEvent":"CACHE_SET","details":{"key":"position:6:candidates","size":368},"category":"AUDIT"}
2025-10-28 23:33:45 [INFO]: Audit Event | {"service":"voting-system","auditEvent":"CACHE_MISS","details":{"key":"position:6:candidates","source":"getCandidatesByPosition"},"category":"AUDIT"}
2025-10-28 23:33:45 [INFO]: Audit Event | {"service":"voting-system","auditEvent":"CACHE_HIT","details":{"key":"position:5:candidates","source":"getCandidatesByPosition"},"category":"AUDIT"}
2025-10-28 23:33:45 [INFO]: Audit Event | {"service":"voting-system","auditEvent":"CACHE_HIT","details":{"key":"position:6:candidates","source":"getCandidatesByPosition"},"category":"AUDIT"}
2025-10-28 23:38:19 [INFO]: Authentication Event | {"service":"voting-system","userId":"1","action":"ADMIN_LOGIN","category":"AUTH"}
2025-10-28 23:38:27 [INFO]: Statistics Generated | {"service":"voting-system","stats":{"totalVoters":7,"totalVotesCast":6,"voterTurnout":42.86,"positionsWithStats":[{"positionId":5,"positionName":"President","totalCandidates":4,"totalVotes":12,"voterTurnout":42.86,"candidates":[{"candidateId":3,"candidateName":"TIE: Alice Johnson","manifesto":"Experienced leader focused on student welfare and academic excellence.","voteCount":1,"votePercentage":33.33},{"candidateId":4,"candidateName":"TIE: Bob Smith","manifesto":"Tech-savvy innovator dedicated to modernizing club operations.","voteCount":1,"votePercentage":33.33},{"candidateId":9,"candidateName":"TIE: Yohane Maluwa","manifesto":"Inetu ndichitenga ichi.","voteCount":1,"votePercentage":33.33},{"candidateId":5,"candidateName":"Carol Williams","manifesto":"Community organizer with strong communication skills.","voteCount":0,"votePercentage":0}]},{"positionId":6,"positionName":"Vice President","totalCandidates":3,"totalVotes":9,"voterTurnout":42.86,"candidates":[{"candidateId":6,"candidateName":"David Brown","manifesto":"Detail-oriented organizer with project management expertise.","voteCount":2,"votePercentage":66.67},{"candidateId":8,"candidateName":"Frank Wilson","manifesto":"Analytical problem-solver with financial management skills.","voteCount":1,"votePercentage":33.33},{"candidateId":7,"candidateName":"Emma Davis","manifesto":"Creative thinker focused on event planning and member engagement.","voteCount":0,"votePercentage":0}]}],"overallStats":{"totalPositions":2,"totalCandidates":7,"averageVotesPerPosition":3,"mostVotedPosition":"TIE: President & Vice President","leastVotedPosition":"TIE: President & Vice President"}},"category":"STATS"}
2025-10-28 23:38:27 [INFO]: Admin Action | {"service":"voting-system","adminId":1,"action":"VIEW_STATS","target":"overall","details":{"totalVoters":7,"totalVotes":6},"category":"ADMIN"}
2025-10-28 23:38:29 [INFO]: Admin Action | {"service":"voting-system","adminId":1,"action":"VIEW_AUDIT_LOGS","target":"audit_log_list","details":{"count":0},"category":"ADMIN"}
2025-10-28 23:38:29 [INFO]: Admin Action | {"service":"voting-system","adminId":1,"action":"VIEW_AUDIT_LOGS","target":"audit_log_list","details":{"count":0},"category":"ADMIN"}
2025-10-28 23:38:31 [INFO]: Admin Action | {"service":"voting-system","adminId":1,"action":"VIEW_AUDIT_LOGS","target":"audit_log_list","details":{"count":0},"category":"ADMIN"}
2025-10-28 23:38:32 [INFO]: Admin Action | {"service":"voting-system","adminId":1,"action":"VIEW_AUDIT_LOGS","target":"audit_log_list","details":{"count":0},"category":"ADMIN"}
2025-10-28 23:38:35 [INFO]: Statistics Generated | {"service":"voting-system","stats":{"totalVoters":7,"totalVotesCast":6,"voterTurnout":42.86,"positionsWithStats":[{"positionId":5,"positionName":"President","totalCandidates":4,"totalVotes":12,"voterTurnout":42.86,"candidates":[{"candidateId":3,"candidateName":"TIE: Alice Johnson","manifesto":"Experienced leader focused on student welfare and academic excellence.","voteCount":1,"votePercentage":33.33},{"candidateId":4,"candidateName":"TIE: Bob Smith","manifesto":"Tech-savvy innovator dedicated to modernizing club operations.","voteCount":1,"votePercentage":33.33},{"candidateId":9,"candidateName":"TIE: Yohane Maluwa","manifesto":"Inetu ndichitenga ichi.","voteCount":1,"votePercentage":33.33},{"candidateId":5,"candidateName":"Carol Williams","manifesto":"Community organizer with strong communication skills.","voteCount":0,"votePercentage":0}]},{"positionId":6,"positionName":"Vice President","totalCandidates":3,"totalVotes":9,"voterTurnout":42.86,"candidates":[{"candidateId":6,"candidateName":"David Brown","manifesto":"Detail-oriented organizer with project management expertise.","voteCount":2,"votePercentage":66.67},{"candidateId":8,"candidateName":"Frank Wilson","manifesto":"Analytical problem-solver with financial management skills.","voteCount":1,"votePercentage":33.33},{"candidateId":7,"candidateName":"Emma Davis","manifesto":"Creative thinker focused on event planning and member engagement.","voteCount":0,"votePercentage":0}]}],"overallStats":{"totalPositions":2,"totalCandidates":7,"averageVotesPerPosition":3,"mostVotedPosition":"TIE: President & Vice President","leastVotedPosition":"TIE: President & Vice President"}},"category":"STATS"}
2025-10-28 23:38:35 [INFO]: Admin Action | {"service":"voting-system","adminId":1,"action":"VIEW_STATS","target":"overall","details":{"totalVoters":7,"totalVotes":6},"category":"ADMIN"}
2025-10-28 23:43:27 [INFO]: Audit Event | {"service":"voting-system","auditEvent":"CACHE_SET","details":{"key":"positions:all","size":62},"category":"AUDIT"}
2025-10-28 23:43:27 [INFO]: Audit Event | {"service":"voting-system","auditEvent":"CACHE_MISS","details":{"key":"positions:all","source":"getPositions"},"category":"AUDIT"}
2025-10-28 23:43:27 [INFO]: Audit Event | {"service":"voting-system","auditEvent":"CACHE_HIT","details":{"key":"positions:all","source":"getPositions"},"category":"AUDIT"}
2025-10-28 23:43:28 [INFO]: Audit Event | {"service":"voting-system","auditEvent":"CACHE_SET","details":{"key":"position:5:candidates","size":458},"category":"AUDIT"}
2025-10-28 23:43:28 [INFO]: Audit Event | {"service":"voting-system","auditEvent":"CACHE_MISS","details":{"key":"position:5:candidates","source":"getCandidatesByPosition"},"category":"AUDIT"}
2025-10-28 23:43:28 [INFO]: Audit Event | {"service":"voting-system","auditEvent":"CACHE_HIT","details":{"key":"position:5:candidates","source":"getCandidatesByPosition"},"category":"AUDIT"}
2025-10-28 23:43:32 [INFO]: Audit Event | {"service":"voting-system","auditEvent":"CACHE_SET","details":{"key":"position:6:candidates","size":368},"category":"AUDIT"}
2025-10-28 23:43:32 [INFO]: Audit Event | {"service":"voting-system","auditEvent":"CACHE_MISS","details":{"key":"position:6:candidates","source":"getCandidatesByPosition"},"category":"AUDIT"}
2025-10-28 23:43:32 [INFO]: Audit Event | {"service":"voting-system","auditEvent":"CACHE_HIT","details":{"key":"position:6:candidates","source":"getCandidatesByPosition"},"category":"AUDIT"}
2025-10-28 23:43:58 [INFO]: Authentication Event | {"service":"voting-system","userId":"1","action":"ADMIN_LOGIN","category":"AUTH"}
2025-10-28 23:44:06 [INFO]: Statistics Generated | {"service":"voting-system","stats":{"totalVoters":7,"totalVotesCast":6,"voterTurnout":42.86,"positionsWithStats":[{"positionId":5,"positionName":"President","totalCandidates":4,"totalVotes":12,"voterTurnout":42.86,"candidates":[{"candidateId":3,"candidateName":"TIE: Alice Johnson","manifesto":"Experienced leader focused on student welfare and academic excellence.","voteCount":1,"votePercentage":33.33},{"candidateId":4,"candidateName":"TIE: Bob Smith","manifesto":"Tech-savvy innovator dedicated to modernizing club operations.","voteCount":1,"votePercentage":33.33},{"candidateId":9,"candidateName":"TIE: Yohane Maluwa","manifesto":"Inetu ndichitenga ichi.","voteCount":1,"votePercentage":33.33},{"candidateId":5,"candidateName":"Carol Williams","manifesto":"Community organizer with strong communication skills.","voteCount":0,"votePercentage":0}]},{"positionId":6,"positionName":"Vice President","totalCandidates":3,"totalVotes":9,"voterTurnout":42.86,"candidates":[{"candidateId":6,"candidateName":"David Brown","manifesto":"Detail-oriented organizer with project management expertise.","voteCount":2,"votePercentage":66.67},{"candidateId":8,"candidateName":"Frank Wilson","manifesto":"Analytical problem-solver with financial management skills.","voteCount":1,"votePercentage":33.33},{"candidateId":7,"candidateName":"Emma Davis","manifesto":"Creative thinker focused on event planning and member engagement.","voteCount":0,"votePercentage":0}]}],"overallStats":{"totalPositions":2,"totalCandidates":7,"averageVotesPerPosition":3,"mostVotedPosition":"TIE: President & Vice President","leastVotedPosition":"TIE: President & Vice President"}},"category":"STATS"}
2025-10-28 23:44:06 [INFO]: Admin Action | {"service":"voting-system","adminId":1,"action":"VIEW_STATS","target":"overall","details":{"totalVoters":7,"totalVotes":6},"category":"ADMIN"}
2025-10-28 23:44:15 [INFO]: Statistics Generated | {"service":"voting-system","stats":{"totalVoters":7,"totalVotesCast":6,"voterTurnout":42.86,"positionsWithStats":[{"positionId":5,"positionName":"President","totalCandidates":4,"totalVotes":12,"voterTurnout":42.86,"candidates":[{"candidateId":3,"candidateName":"TIE: Alice Johnson","manifesto":"Experienced leader focused on student welfare and academic excellence.","voteCount":1,"votePercentage":33.33},{"candidateId":4,"candidateName":"TIE: Bob Smith","manifesto":"Tech-savvy innovator dedicated to modernizing club operations.","voteCount":1,"votePercentage":33.33},{"candidateId":9,"candidateName":"TIE: Yohane Maluwa","manifesto":"Inetu ndichitenga ichi.","voteCount":1,"votePercentage":33.33},{"candidateId":5,"candidateName":"Carol Williams","manifesto":"Community organizer with strong communication skills.","voteCount":0,"votePercentage":0}]},{"positionId":6,"positionName":"Vice President","totalCandidates":3,"totalVotes":9,"voterTurnout":42.86,"candidates":[{"candidateId":6,"candidateName":"David Brown","manifesto":"Detail-oriented organizer with project management expertise.","voteCount":2,"votePercentage":66.67},{"candidateId":8,"candidateName":"Frank Wilson","manifesto":"Analytical problem-solver with financial management skills.","voteCount":1,"votePercentage":33.33},{"candidateId":7,"candidateName":"Emma Davis","manifesto":"Creative thinker focused on event planning and member engagement.","voteCount":0,"votePercentage":0}]}],"overallStats":{"totalPositions":2,"totalCandidates":7,"averageVotesPerPosition":3,"mostVotedPosition":"TIE: President & Vice President","leastVotedPosition":"TIE: President & Vice President"}},"category":"STATS"}
2025-10-28 23:44:15 [INFO]: Admin Action | {"service":"voting-system","adminId":1,"action":"VIEW_STATS","target":"overall","details":{"totalVoters":7,"totalVotes":6},"category":"ADMIN"}
2025-10-28 23:44:15 [INFO]: Admin Action | {"service":"voting-system","adminId":1,"action":"VIEW_AUDIT_LOGS","target":"audit_log_list","details":{"count":0},"category":"ADMIN"}
2025-10-28 23:44:15 [INFO]: Admin Action | {"service":"voting-system","adminId":1,"action":"VIEW_AUDIT_LOGS","target":"audit_log_list","details":{"count":0},"category":"ADMIN"}
2025-10-28 23:44:21 [INFO]: Admin Action | {"service":"voting-system","adminId":1,"action":"VIEW_AUDIT_LOGS","target":"audit_log_list","details":{"count":0},"category":"ADMIN"}
2025-10-28 23:44:41 [INFO]: Audit Event | {"service":"voting-system","auditEvent":"CACHE_HIT","details":{"key":"positions:all","source":"getPositions"},"category":"AUDIT"}
2025-10-28 23:44:41 [INFO]: Audit Event | {"service":"voting-system","auditEvent":"CACHE_HIT","details":{"key":"positions:all","source":"getPositions"},"category":"AUDIT"}
2025-10-28 23:44:41 [INFO]: Audit Event | {"service":"voting-system","auditEvent":"CACHE_HIT","details":{"key":"position:5:candidates","source":"getCandidatesByPosition"},"category":"AUDIT"}
2025-10-28 23:44:41 [INFO]: Audit Event | {"service":"voting-system","auditEvent":"CACHE_HIT","details":{"key":"position:6:candidates","source":"getCandidatesByPosition"},"category":"AUDIT"}
2025-10-28 23:44:41 [INFO]: Audit Event | {"service":"voting-system","auditEvent":"CACHE_HIT","details":{"key":"position:5:candidates","source":"getCandidatesByPosition"},"category":"AUDIT"}
2025-10-28 23:44:41 [INFO]: Audit Event | {"service":"voting-system","auditEvent":"CACHE_HIT","details":{"key":"position:6:candidates","source":"getCandidatesByPosition"},"category":"AUDIT"}
2025-10-28 23:44:56 [INFO]: Admin Action | {"service":"voting-system","adminId":1,"action":"VIEW_AUDIT_LOGS","target":"audit_log_list","details":{"count":0},"category":"ADMIN"}
2025-10-28 23:45:24 [INFO]: Audit Event | {"service":"voting-system","auditEvent":"CACHE_HIT","details":{"key":"positions:all","source":"getPositions"},"category":"AUDIT"}
2025-10-28 23:45:24 [INFO]: Audit Event | {"service":"voting-system","auditEvent":"CACHE_HIT","details":{"key":"position:5:candidates","source":"getCandidatesByPosition"},"category":"AUDIT"}
2025-10-28 23:45:24 [INFO]: Audit Event | {"service":"voting-system","auditEvent":"CACHE_HIT","details":{"key":"position:6:candidates","source":"getCandidatesByPosition"},"category":"AUDIT"}
2025-10-28 23:45:27 [INFO]: Admin Action | {"service":"voting-system","adminId":1,"action":"VIEW_AUDIT_LOGS","target":"audit_log_list","details":{"count":0},"category":"ADMIN"}
2025-10-28 23:45:28 [INFO]: Admin Action | {"service":"voting-system","adminId":1,"action":"VIEW_AUDIT_LOGS","target":"audit_log_list","details":{"count":0},"category":"ADMIN"}
2025-10-28 23:48:14 [INFO]: Admin Action | {"service":"voting-system","adminId":1,"action":"VIEW_AUDIT_LOGS","target":"audit_log_list","details":{"count":0},"category":"ADMIN"}
2025-10-28 23:48:16 [INFO]: Admin Action | {"service":"voting-system","adminId":1,"action":"VIEW_AUDIT_LOGS","target":"audit_log_list","details":{"count":0},"category":"ADMIN"}
2025-10-28 23:48:45 [INFO]: Admin Action | {"service":"voting-system","adminId":1,"action":"VIEW_AUDIT_LOGS","target":"audit_log_list","details":{"count":0},"category":"ADMIN"}
2025-10-28 23:48:47 [INFO]: Admin Action | {"service":"voting-system","adminId":1,"action":"VIEW_AUDIT_LOGS","target":"audit_log_list","details":{"count":0},"category":"ADMIN"}
