2025-10-22 12:31:50 [ERROR]: Application Error | {"service":"voting-system","error":"getaddrinfo EAI_AGAIN sjbu-v-anthonyphiri533-0f2d.d.aivencloud.com","stack":"Error: getaddrinfo EAI_AGAIN sjbu-v-anthonyphiri533-0f2d.d.aivencloud.com\n    at /home/hanieyo1407/Downloads/DMI VOTING SYSTEM/api/node_modules/pg-pool/index.js:45:11\n    at processTicksAndRejections (node:internal/process/task_queues:105:5)","context":{"context":"getPositions"},"category":"ERROR"}
2025-10-22 12:31:50 [ERROR]: Application Error | {"service":"voting-system","error":"getaddrinfo EAI_AGAIN sjbu-v-anthonyphiri533-0f2d.d.aivencloud.com","stack":"Error: getaddrinfo EAI_AGAIN sjbu-v-anthonyphiri533-0f2d.d.aivencloud.com\n    at /home/hanieyo1407/Downloads/DMI VOTING SYSTEM/api/node_modules/pg-pool/index.js:45:11\n    at processTicksAndRejections (node:internal/process/task_queues:105:5)","context":{"context":"getPositions"},"category":"ERROR"}
2025-10-22 13:05:13 [ERROR]: Application Error | {"service":"voting-system","error":"getaddrinfo EAI_AGAIN sjbu-v-anthonyphiri533-0f2d.d.aivencloud.com","stack":"Error: getaddrinfo EAI_AGAIN sjbu-v-anthonyphiri533-0f2d.d.aivencloud.com\n    at /home/hanieyo1407/Downloads/DMI VOTING SYSTEM/api/node_modules/pg-pool/index.js:45:11\n    at processTicksAndRejections (node:internal/process/task_queues:105:5)","context":{"context":"getPositions"},"category":"ERROR"}
2025-10-22 13:05:13 [ERROR]: Application Error | {"service":"voting-system","error":"getaddrinfo EAI_AGAIN sjbu-v-anthonyphiri533-0f2d.d.aivencloud.com","stack":"Error: getaddrinfo EAI_AGAIN sjbu-v-anthonyphiri533-0f2d.d.aivencloud.com\n    at /home/hanieyo1407/Downloads/DMI VOTING SYSTEM/api/node_modules/pg-pool/index.js:45:11\n    at processTicksAndRejections (node:internal/process/task_queues:105:5)","context":{"context":"getPositions"},"category":"ERROR"}
2025-10-22 20:25:54 [ERROR]: Application Error | {"service":"voting-system","error":"getaddrinfo EAI_AGAIN sjbu-v-anthonyphiri533-0f2d.d.aivencloud.com","stack":"Error: getaddrinfo EAI_AGAIN sjbu-v-anthonyphiri533-0f2d.d.aivencloud.com\n    at /home/hanieyo1407/Downloads/DMI VOTING SYSTEM/api/node_modules/pg-pool/index.js:45:11\n    at processTicksAndRejections (node:internal/process/task_queues:105:5)","context":{"context":"getPositions"},"category":"ERROR"}
2025-10-22 20:25:54 [ERROR]: Application Error | {"service":"voting-system","error":"getaddrinfo EAI_AGAIN sjbu-v-anthonyphiri533-0f2d.d.aivencloud.com","stack":"Error: getaddrinfo EAI_AGAIN sjbu-v-anthonyphiri533-0f2d.d.aivencloud.com\n    at /home/hanieyo1407/Downloads/DMI VOTING SYSTEM/api/node_modules/pg-pool/index.js:45:11\n    at processTicksAndRejections (node:internal/process/task_queues:105:5)","context":{"context":"getPositions"},"category":"ERROR"}
2025-10-22 20:53:06 [INFO]: Audit Event | {"service":"voting-system","auditEvent":"CACHE_SET","details":{"key":"positions:all","size":80},"category":"AUDIT"}
2025-10-22 20:53:06 [INFO]: Audit Event | {"service":"voting-system","auditEvent":"CACHE_MISS","details":{"key":"positions:all","source":"getPositions"},"category":"AUDIT"}
2025-10-22 20:53:06 [INFO]: Audit Event | {"service":"voting-system","auditEvent":"CACHE_HIT","details":{"key":"positions:all","source":"getPositions"},"category":"AUDIT"}
2025-10-22 20:53:07 [INFO]: Audit Event | {"service":"voting-system","auditEvent":"CACHE_SET","details":{"key":"position:5:candidates","size":458},"category":"AUDIT"}
2025-10-22 20:53:07 [INFO]: Audit Event | {"service":"voting-system","auditEvent":"CACHE_MISS","details":{"key":"position:5:candidates","source":"getCandidatesByPosition"},"category":"AUDIT"}
2025-10-22 20:53:07 [INFO]: Audit Event | {"service":"voting-system","auditEvent":"CACHE_HIT","details":{"key":"position:5:candidates","source":"getCandidatesByPosition"},"category":"AUDIT"}
2025-10-22 20:53:14 [INFO]: Audit Event | {"service":"voting-system","auditEvent":"CACHE_SET","details":{"key":"position:6:candidates","size":368},"category":"AUDIT"}
2025-10-22 20:53:14 [INFO]: Audit Event | {"service":"voting-system","auditEvent":"CACHE_MISS","details":{"key":"position:6:candidates","source":"getCandidatesByPosition"},"category":"AUDIT"}
2025-10-22 20:53:14 [INFO]: Audit Event | {"service":"voting-system","auditEvent":"CACHE_HIT","details":{"key":"position:6:candidates","source":"getCandidatesByPosition"},"category":"AUDIT"}
2025-10-22 21:03:40 [INFO]: Audit Event | {"service":"voting-system","auditEvent":"CACHE_DEL","details":{"key":"positions:all"},"category":"AUDIT"}
2025-10-22 21:03:40 [INFO]: Audit Event | {"service":"voting-system","auditEvent":"CACHE_EXPIRED","details":{"key":"positions:all"},"category":"AUDIT"}
2025-10-22 21:03:40 [INFO]: Audit Event | {"service":"voting-system","auditEvent":"CACHE_DEL","details":{"key":"position:5:candidates"},"category":"AUDIT"}
2025-10-22 21:03:40 [INFO]: Audit Event | {"service":"voting-system","auditEvent":"CACHE_EXPIRED","details":{"key":"position:5:candidates"},"category":"AUDIT"}
2025-10-22 21:03:40 [INFO]: Audit Event | {"service":"voting-system","auditEvent":"CACHE_DEL","details":{"key":"position:6:candidates"},"category":"AUDIT"}
2025-10-22 21:03:40 [INFO]: Audit Event | {"service":"voting-system","auditEvent":"CACHE_EXPIRED","details":{"key":"position:6:candidates"},"category":"AUDIT"}
2025-10-22 21:30:47 [INFO]: Audit Event | {"service":"voting-system","auditEvent":"CACHE_SET","details":{"key":"positions:all","size":80},"category":"AUDIT"}
2025-10-22 21:30:47 [INFO]: Audit Event | {"service":"voting-system","auditEvent":"CACHE_MISS","details":{"key":"positions:all","source":"getPositions"},"category":"AUDIT"}
2025-10-22 21:30:47 [INFO]: Audit Event | {"service":"voting-system","auditEvent":"CACHE_HIT","details":{"key":"positions:all","source":"getPositions"},"category":"AUDIT"}
2025-10-22 21:41:41 [INFO]: Audit Event | {"service":"voting-system","auditEvent":"CACHE_DEL","details":{"key":"positions:all"},"category":"AUDIT"}
2025-10-22 21:41:41 [INFO]: Audit Event | {"service":"voting-system","auditEvent":"CACHE_EXPIRED","details":{"key":"positions:all"},"category":"AUDIT"}
2025-10-22 22:27:31 [ERROR]: Application Error | {"service":"voting-system","error":"getaddrinfo EAI_AGAIN sjbu-v-anthonyphiri533-0f2d.d.aivencloud.com","stack":"Error: getaddrinfo EAI_AGAIN sjbu-v-anthonyphiri533-0f2d.d.aivencloud.com\n    at /home/hanieyo1407/Downloads/DMI VOTING SYSTEM/api/node_modules/pg-pool/index.js:45:11\n    at processTicksAndRejections (node:internal/process/task_queues:105:5)","context":{"context":"getPositions"},"category":"ERROR"}
2025-10-22 22:27:31 [ERROR]: Application Error | {"service":"voting-system","error":"getaddrinfo EAI_AGAIN sjbu-v-anthonyphiri533-0f2d.d.aivencloud.com","stack":"Error: getaddrinfo EAI_AGAIN sjbu-v-anthonyphiri533-0f2d.d.aivencloud.com\n    at /home/hanieyo1407/Downloads/DMI VOTING SYSTEM/api/node_modules/pg-pool/index.js:45:11\n    at processTicksAndRejections (node:internal/process/task_queues:105:5)","context":{"context":"getPositions"},"category":"ERROR"}
