2025-11-01 04:13:06 [INFO]: Audit Event | {"service":"voting-system","auditEvent":"CACHE_SET","details":{"key":"positions:all","size":62},"category":"AUDIT"}
2025-11-01 04:13:06 [INFO]: Audit Event | {"service":"voting-system","auditEvent":"CACHE_MISS","details":{"key":"positions:all","source":"getPositions"},"category":"AUDIT"}
2025-11-01 04:13:07 [INFO]: Audit Event | {"service":"voting-system","auditEvent":"CACHE_SET","details":{"key":"position:5:candidates","size":458},"category":"AUDIT"}
2025-11-01 04:13:07 [INFO]: Audit Event | {"service":"voting-system","auditEvent":"CACHE_MISS","details":{"key":"position:5:candidates","source":"getCandidatesByPosition"},"category":"AUDIT"}
2025-11-01 04:13:10 [INFO]: Audit Event | {"service":"voting-system","auditEvent":"CACHE_SET","details":{"key":"position:6:candidates","size":368},"category":"AUDIT"}
2025-11-01 04:13:10 [INFO]: Audit Event | {"service":"voting-system","auditEvent":"CACHE_MISS","details":{"key":"position:6:candidates","source":"getCandidatesByPosition"},"category":"AUDIT"}
2025-11-01 04:15:27 [INFO]: Audit Event | {"service":"voting-system","auditEvent":"CACHE_HIT","details":{"key":"positions:all","source":"getPositions"},"category":"AUDIT"}
2025-11-01 04:15:27 [INFO]: Audit Event | {"service":"voting-system","auditEvent":"CACHE_HIT","details":{"key":"positions:all","source":"getPositions"},"category":"AUDIT"}
2025-11-01 04:15:27 [INFO]: Audit Event | {"service":"voting-system","auditEvent":"CACHE_HIT","details":{"key":"position:5:candidates","source":"getCandidatesByPosition"},"category":"AUDIT"}
2025-11-01 04:15:27 [INFO]: Audit Event | {"service":"voting-system","auditEvent":"CACHE_HIT","details":{"key":"position:6:candidates","source":"getCandidatesByPosition"},"category":"AUDIT"}
2025-11-01 04:15:27 [INFO]: Audit Event | {"service":"voting-system","auditEvent":"CACHE_HIT","details":{"key":"position:5:candidates","source":"getCandidatesByPosition"},"category":"AUDIT"}
2025-11-01 04:15:27 [INFO]: Audit Event | {"service":"voting-system","auditEvent":"CACHE_HIT","details":{"key":"position:6:candidates","source":"getCandidatesByPosition"},"category":"AUDIT"}
2025-11-01 04:15:36 [INFO]: Audit Event | {"service":"voting-system","auditEvent":"CACHE_HIT","details":{"key":"positions:all","source":"getPositions"},"category":"AUDIT"}
2025-11-01 04:15:36 [INFO]: Audit Event | {"service":"voting-system","auditEvent":"CACHE_HIT","details":{"key":"positions:all","source":"getPositions"},"category":"AUDIT"}
2025-11-01 04:15:36 [INFO]: Audit Event | {"service":"voting-system","auditEvent":"CACHE_HIT","details":{"key":"position:5:candidates","source":"getCandidatesByPosition"},"category":"AUDIT"}
2025-11-01 04:15:36 [INFO]: Audit Event | {"service":"voting-system","auditEvent":"CACHE_HIT","details":{"key":"position:6:candidates","source":"getCandidatesByPosition"},"category":"AUDIT"}
2025-11-01 04:15:36 [INFO]: Audit Event | {"service":"voting-system","auditEvent":"CACHE_HIT","details":{"key":"position:5:candidates","source":"getCandidatesByPosition"},"category":"AUDIT"}
2025-11-01 04:15:36 [INFO]: Audit Event | {"service":"voting-system","auditEvent":"CACHE_HIT","details":{"key":"position:6:candidates","source":"getCandidatesByPosition"},"category":"AUDIT"}
2025-11-01 04:16:54 [INFO]: Audit Event | {"service":"voting-system","auditEvent":"CACHE_HIT","details":{"key":"positions:all","source":"getPositions"},"category":"AUDIT"}
2025-11-01 04:16:54 [INFO]: Audit Event | {"service":"voting-system","auditEvent":"CACHE_HIT","details":{"key":"positions:all","source":"getPositions"},"category":"AUDIT"}
2025-11-01 04:16:55 [INFO]: Audit Event | {"service":"voting-system","auditEvent":"CACHE_HIT","details":{"key":"position:5:candidates","source":"getCandidatesByPosition"},"category":"AUDIT"}
2025-11-01 04:16:55 [INFO]: Audit Event | {"service":"voting-system","auditEvent":"CACHE_HIT","details":{"key":"position:6:candidates","source":"getCandidatesByPosition"},"category":"AUDIT"}
2025-11-01 04:16:55 [INFO]: Audit Event | {"service":"voting-system","auditEvent":"CACHE_HIT","details":{"key":"position:5:candidates","source":"getCandidatesByPosition"},"category":"AUDIT"}
2025-11-01 04:16:55 [INFO]: Audit Event | {"service":"voting-system","auditEvent":"CACHE_HIT","details":{"key":"position:6:candidates","source":"getCandidatesByPosition"},"category":"AUDIT"}
2025-11-01 04:17:27 [INFO]: Audit Event | {"service":"voting-system","auditEvent":"CACHE_HIT","details":{"key":"positions:all","source":"getPositions"},"category":"AUDIT"}
2025-11-01 04:17:27 [INFO]: Audit Event | {"service":"voting-system","auditEvent":"CACHE_HIT","details":{"key":"positions:all","source":"getPositions"},"category":"AUDIT"}
2025-11-01 04:17:27 [INFO]: Audit Event | {"service":"voting-system","auditEvent":"CACHE_HIT","details":{"key":"position:5:candidates","source":"getCandidatesByPosition"},"category":"AUDIT"}
2025-11-01 04:17:27 [INFO]: Audit Event | {"service":"voting-system","auditEvent":"CACHE_HIT","details":{"key":"position:5:candidates","source":"getCandidatesByPosition"},"category":"AUDIT"}
2025-11-01 04:17:27 [INFO]: Audit Event | {"service":"voting-system","auditEvent":"CACHE_HIT","details":{"key":"position:6:candidates","source":"getCandidatesByPosition"},"category":"AUDIT"}
2025-11-01 04:17:27 [INFO]: Audit Event | {"service":"voting-system","auditEvent":"CACHE_HIT","details":{"key":"position:6:candidates","source":"getCandidatesByPosition"},"category":"AUDIT"}
2025-11-01 04:18:09 [INFO]: Audit Event | {"service":"voting-system","auditEvent":"CACHE_HIT","details":{"key":"positions:all","source":"getPositions"},"category":"AUDIT"}
2025-11-01 04:18:09 [INFO]: Audit Event | {"service":"voting-system","auditEvent":"CACHE_HIT","details":{"key":"positions:all","source":"getPositions"},"category":"AUDIT"}
2025-11-01 04:18:09 [INFO]: Audit Event | {"service":"voting-system","auditEvent":"CACHE_HIT","details":{"key":"position:5:candidates","source":"getCandidatesByPosition"},"category":"AUDIT"}
2025-11-01 04:18:09 [INFO]: Audit Event | {"service":"voting-system","auditEvent":"CACHE_HIT","details":{"key":"position:6:candidates","source":"getCandidatesByPosition"},"category":"AUDIT"}
2025-11-01 04:18:09 [INFO]: Audit Event | {"service":"voting-system","auditEvent":"CACHE_HIT","details":{"key":"position:5:candidates","source":"getCandidatesByPosition"},"category":"AUDIT"}
2025-11-01 04:18:09 [INFO]: Audit Event | {"service":"voting-system","auditEvent":"CACHE_HIT","details":{"key":"position:6:candidates","source":"getCandidatesByPosition"},"category":"AUDIT"}
2025-11-01 04:18:39 [INFO]: Audit Event | {"service":"voting-system","auditEvent":"CACHE_HIT","details":{"key":"positions:all","source":"getPositions"},"category":"AUDIT"}
2025-11-01 04:18:39 [INFO]: Audit Event | {"service":"voting-system","auditEvent":"CACHE_HIT","details":{"key":"positions:all","source":"getPositions"},"category":"AUDIT"}
2025-11-01 04:18:39 [INFO]: Audit Event | {"service":"voting-system","auditEvent":"CACHE_HIT","details":{"key":"position:5:candidates","source":"getCandidatesByPosition"},"category":"AUDIT"}
2025-11-01 04:18:39 [INFO]: Audit Event | {"service":"voting-system","auditEvent":"CACHE_HIT","details":{"key":"position:6:candidates","source":"getCandidatesByPosition"},"category":"AUDIT"}
2025-11-01 04:18:39 [INFO]: Audit Event | {"service":"voting-system","auditEvent":"CACHE_HIT","details":{"key":"position:5:candidates","source":"getCandidatesByPosition"},"category":"AUDIT"}
2025-11-01 04:18:39 [INFO]: Audit Event | {"service":"voting-system","auditEvent":"CACHE_HIT","details":{"key":"position:6:candidates","source":"getCandidatesByPosition"},"category":"AUDIT"}
2025-11-01 04:23:50 [INFO]: Audit Event | {"service":"voting-system","auditEvent":"CACHE_DEL","details":{"key":"positions:all"},"category":"AUDIT"}
2025-11-01 04:23:50 [INFO]: Audit Event | {"service":"voting-system","auditEvent":"CACHE_EXPIRED","details":{"key":"positions:all"},"category":"AUDIT"}
2025-11-01 04:23:50 [INFO]: Audit Event | {"service":"voting-system","auditEvent":"CACHE_DEL","details":{"key":"position:5:candidates"},"category":"AUDIT"}
2025-11-01 04:23:50 [INFO]: Audit Event | {"service":"voting-system","auditEvent":"CACHE_EXPIRED","details":{"key":"position:5:candidates"},"category":"AUDIT"}
2025-11-01 04:23:50 [INFO]: Audit Event | {"service":"voting-system","auditEvent":"CACHE_DEL","details":{"key":"position:6:candidates"},"category":"AUDIT"}
2025-11-01 04:23:50 [INFO]: Audit Event | {"service":"voting-system","auditEvent":"CACHE_EXPIRED","details":{"key":"position:6:candidates"},"category":"AUDIT"}
2025-11-01 04:24:30 [INFO]: Audit Event | {"service":"voting-system","auditEvent":"CACHE_SET","details":{"key":"positions:all","size":62},"category":"AUDIT"}
2025-11-01 04:24:30 [INFO]: Audit Event | {"service":"voting-system","auditEvent":"CACHE_MISS","details":{"key":"positions:all","source":"getPositions"},"category":"AUDIT"}
2025-11-01 04:24:30 [INFO]: Audit Event | {"service":"voting-system","auditEvent":"CACHE_HIT","details":{"key":"positions:all","source":"getPositions"},"category":"AUDIT"}
2025-11-01 04:24:31 [INFO]: Audit Event | {"service":"voting-system","auditEvent":"CACHE_SET","details":{"key":"position:5:candidates","size":458},"category":"AUDIT"}
2025-11-01 04:24:31 [INFO]: Audit Event | {"service":"voting-system","auditEvent":"CACHE_MISS","details":{"key":"position:5:candidates","source":"getCandidatesByPosition"},"category":"AUDIT"}
2025-11-01 04:24:31 [INFO]: Audit Event | {"service":"voting-system","auditEvent":"CACHE_HIT","details":{"key":"position:5:candidates","source":"getCandidatesByPosition"},"category":"AUDIT"}
2025-11-01 04:24:34 [INFO]: Audit Event | {"service":"voting-system","auditEvent":"CACHE_SET","details":{"key":"position:6:candidates","size":368},"category":"AUDIT"}
2025-11-01 04:24:34 [INFO]: Audit Event | {"service":"voting-system","auditEvent":"CACHE_MISS","details":{"key":"position:6:candidates","source":"getCandidatesByPosition"},"category":"AUDIT"}
2025-11-01 04:24:34 [INFO]: Audit Event | {"service":"voting-system","auditEvent":"CACHE_HIT","details":{"key":"position:6:candidates","source":"getCandidatesByPosition"},"category":"AUDIT"}
2025-11-01 04:24:46 [INFO]: Audit Event | {"service":"voting-system","auditEvent":"CACHE_HIT","details":{"key":"positions:all","source":"getPositions"},"category":"AUDIT"}
2025-11-01 04:24:46 [INFO]: Audit Event | {"service":"voting-system","auditEvent":"CACHE_HIT","details":{"key":"positions:all","source":"getPositions"},"category":"AUDIT"}
2025-11-01 04:24:46 [INFO]: Audit Event | {"service":"voting-system","auditEvent":"CACHE_HIT","details":{"key":"position:5:candidates","source":"getCandidatesByPosition"},"category":"AUDIT"}
2025-11-01 04:24:46 [INFO]: Audit Event | {"service":"voting-system","auditEvent":"CACHE_HIT","details":{"key":"position:6:candidates","source":"getCandidatesByPosition"},"category":"AUDIT"}
2025-11-01 04:24:46 [INFO]: Audit Event | {"service":"voting-system","auditEvent":"CACHE_HIT","details":{"key":"position:5:candidates","source":"getCandidatesByPosition"},"category":"AUDIT"}
2025-11-01 04:24:46 [INFO]: Audit Event | {"service":"voting-system","auditEvent":"CACHE_HIT","details":{"key":"position:6:candidates","source":"getCandidatesByPosition"},"category":"AUDIT"}
2025-11-01 04:24:55 [INFO]: Audit Event | {"service":"voting-system","auditEvent":"CACHE_HIT","details":{"key":"positions:all","source":"getPositions"},"category":"AUDIT"}
2025-11-01 04:24:55 [INFO]: Audit Event | {"service":"voting-system","auditEvent":"CACHE_HIT","details":{"key":"positions:all","source":"getPositions"},"category":"AUDIT"}
2025-11-01 04:24:55 [INFO]: Audit Event | {"service":"voting-system","auditEvent":"CACHE_HIT","details":{"key":"position:5:candidates","source":"getCandidatesByPosition"},"category":"AUDIT"}
2025-11-01 04:24:55 [INFO]: Audit Event | {"service":"voting-system","auditEvent":"CACHE_HIT","details":{"key":"position:6:candidates","source":"getCandidatesByPosition"},"category":"AUDIT"}
2025-11-01 04:24:55 [INFO]: Audit Event | {"service":"voting-system","auditEvent":"CACHE_HIT","details":{"key":"position:5:candidates","source":"getCandidatesByPosition"},"category":"AUDIT"}
2025-11-01 04:24:55 [INFO]: Audit Event | {"service":"voting-system","auditEvent":"CACHE_HIT","details":{"key":"position:6:candidates","source":"getCandidatesByPosition"},"category":"AUDIT"}
2025-11-01 04:25:01 [INFO]: Audit Event | {"service":"voting-system","auditEvent":"CACHE_HIT","details":{"key":"positions:all","source":"getPositions"},"category":"AUDIT"}
2025-11-01 04:25:01 [INFO]: Audit Event | {"service":"voting-system","auditEvent":"CACHE_HIT","details":{"key":"positions:all","source":"getPositions"},"category":"AUDIT"}
2025-11-01 04:25:01 [INFO]: Audit Event | {"service":"voting-system","auditEvent":"CACHE_HIT","details":{"key":"position:5:candidates","source":"getCandidatesByPosition"},"category":"AUDIT"}
2025-11-01 04:25:01 [INFO]: Audit Event | {"service":"voting-system","auditEvent":"CACHE_HIT","details":{"key":"position:6:candidates","source":"getCandidatesByPosition"},"category":"AUDIT"}
2025-11-01 04:25:01 [INFO]: Audit Event | {"service":"voting-system","auditEvent":"CACHE_HIT","details":{"key":"position:5:candidates","source":"getCandidatesByPosition"},"category":"AUDIT"}
2025-11-01 04:25:01 [INFO]: Audit Event | {"service":"voting-system","auditEvent":"CACHE_HIT","details":{"key":"position:6:candidates","source":"getCandidatesByPosition"},"category":"AUDIT"}
2025-11-01 04:25:07 [INFO]: Audit Event | {"service":"voting-system","auditEvent":"CACHE_HIT","details":{"key":"positions:all","source":"getPositions"},"category":"AUDIT"}
2025-11-01 04:25:07 [INFO]: Audit Event | {"service":"voting-system","auditEvent":"CACHE_HIT","details":{"key":"positions:all","source":"getPositions"},"category":"AUDIT"}
2025-11-01 04:25:07 [INFO]: Audit Event | {"service":"voting-system","auditEvent":"CACHE_HIT","details":{"key":"position:5:candidates","source":"getCandidatesByPosition"},"category":"AUDIT"}
2025-11-01 04:25:07 [INFO]: Audit Event | {"service":"voting-system","auditEvent":"CACHE_HIT","details":{"key":"position:6:candidates","source":"getCandidatesByPosition"},"category":"AUDIT"}
2025-11-01 04:25:07 [INFO]: Audit Event | {"service":"voting-system","auditEvent":"CACHE_HIT","details":{"key":"position:5:candidates","source":"getCandidatesByPosition"},"category":"AUDIT"}
2025-11-01 04:25:07 [INFO]: Audit Event | {"service":"voting-system","auditEvent":"CACHE_HIT","details":{"key":"position:6:candidates","source":"getCandidatesByPosition"},"category":"AUDIT"}
2025-11-01 04:25:17 [INFO]: Audit Event | {"service":"voting-system","auditEvent":"CACHE_HIT","details":{"key":"positions:all","source":"getPositions"},"category":"AUDIT"}
2025-11-01 04:25:17 [INFO]: Audit Event | {"service":"voting-system","auditEvent":"CACHE_HIT","details":{"key":"positions:all","source":"getPositions"},"category":"AUDIT"}
2025-11-01 04:25:17 [INFO]: Audit Event | {"service":"voting-system","auditEvent":"CACHE_HIT","details":{"key":"position:5:candidates","source":"getCandidatesByPosition"},"category":"AUDIT"}
2025-11-01 04:25:17 [INFO]: Audit Event | {"service":"voting-system","auditEvent":"CACHE_HIT","details":{"key":"position:6:candidates","source":"getCandidatesByPosition"},"category":"AUDIT"}
2025-11-01 04:25:17 [INFO]: Audit Event | {"service":"voting-system","auditEvent":"CACHE_HIT","details":{"key":"position:5:candidates","source":"getCandidatesByPosition"},"category":"AUDIT"}
2025-11-01 04:25:17 [INFO]: Audit Event | {"service":"voting-system","auditEvent":"CACHE_HIT","details":{"key":"position:6:candidates","source":"getCandidatesByPosition"},"category":"AUDIT"}
2025-11-01 04:25:24 [INFO]: Audit Event | {"service":"voting-system","auditEvent":"CACHE_HIT","details":{"key":"positions:all","source":"getPositions"},"category":"AUDIT"}
2025-11-01 04:25:24 [INFO]: Audit Event | {"service":"voting-system","auditEvent":"CACHE_HIT","details":{"key":"positions:all","source":"getPositions"},"category":"AUDIT"}
2025-11-01 04:25:24 [INFO]: Audit Event | {"service":"voting-system","auditEvent":"CACHE_HIT","details":{"key":"position:5:candidates","source":"getCandidatesByPosition"},"category":"AUDIT"}
2025-11-01 04:25:24 [INFO]: Audit Event | {"service":"voting-system","auditEvent":"CACHE_HIT","details":{"key":"position:6:candidates","source":"getCandidatesByPosition"},"category":"AUDIT"}
2025-11-01 04:25:24 [INFO]: Audit Event | {"service":"voting-system","auditEvent":"CACHE_HIT","details":{"key":"position:5:candidates","source":"getCandidatesByPosition"},"category":"AUDIT"}
2025-11-01 04:25:24 [INFO]: Audit Event | {"service":"voting-system","auditEvent":"CACHE_HIT","details":{"key":"position:6:candidates","source":"getCandidatesByPosition"},"category":"AUDIT"}
2025-11-01 04:25:31 [INFO]: Audit Event | {"service":"voting-system","auditEvent":"CACHE_HIT","details":{"key":"positions:all","source":"getPositions"},"category":"AUDIT"}
2025-11-01 04:25:31 [INFO]: Audit Event | {"service":"voting-system","auditEvent":"CACHE_HIT","details":{"key":"positions:all","source":"getPositions"},"category":"AUDIT"}
2025-11-01 04:25:31 [INFO]: Audit Event | {"service":"voting-system","auditEvent":"CACHE_HIT","details":{"key":"position:5:candidates","source":"getCandidatesByPosition"},"category":"AUDIT"}
2025-11-01 04:25:31 [INFO]: Audit Event | {"service":"voting-system","auditEvent":"CACHE_HIT","details":{"key":"position:6:candidates","source":"getCandidatesByPosition"},"category":"AUDIT"}
2025-11-01 04:25:31 [INFO]: Audit Event | {"service":"voting-system","auditEvent":"CACHE_HIT","details":{"key":"position:5:candidates","source":"getCandidatesByPosition"},"category":"AUDIT"}
2025-11-01 04:25:31 [INFO]: Audit Event | {"service":"voting-system","auditEvent":"CACHE_HIT","details":{"key":"position:6:candidates","source":"getCandidatesByPosition"},"category":"AUDIT"}
2025-11-01 04:27:05 [INFO]: Audit Event | {"service":"voting-system","auditEvent":"CACHE_HIT","details":{"key":"positions:all","source":"getPositions"},"category":"AUDIT"}
2025-11-01 04:27:05 [INFO]: Audit Event | {"service":"voting-system","auditEvent":"CACHE_HIT","details":{"key":"positions:all","source":"getPositions"},"category":"AUDIT"}
2025-11-01 04:27:05 [INFO]: Audit Event | {"service":"voting-system","auditEvent":"CACHE_HIT","details":{"key":"position:5:candidates","source":"getCandidatesByPosition"},"category":"AUDIT"}
2025-11-01 04:27:05 [INFO]: Audit Event | {"service":"voting-system","auditEvent":"CACHE_HIT","details":{"key":"position:6:candidates","source":"getCandidatesByPosition"},"category":"AUDIT"}
2025-11-01 04:27:05 [INFO]: Audit Event | {"service":"voting-system","auditEvent":"CACHE_HIT","details":{"key":"position:5:candidates","source":"getCandidatesByPosition"},"category":"AUDIT"}
2025-11-01 04:27:05 [INFO]: Audit Event | {"service":"voting-system","auditEvent":"CACHE_HIT","details":{"key":"position:6:candidates","source":"getCandidatesByPosition"},"category":"AUDIT"}
2025-11-01 04:28:28 [INFO]: Audit Event | {"service":"voting-system","auditEvent":"CACHE_HIT","details":{"key":"positions:all","source":"getPositions"},"category":"AUDIT"}
2025-11-01 04:28:28 [INFO]: Audit Event | {"service":"voting-system","auditEvent":"CACHE_HIT","details":{"key":"positions:all","source":"getPositions"},"category":"AUDIT"}
2025-11-01 04:28:28 [INFO]: Audit Event | {"service":"voting-system","auditEvent":"CACHE_HIT","details":{"key":"position:5:candidates","source":"getCandidatesByPosition"},"category":"AUDIT"}
2025-11-01 04:28:28 [INFO]: Audit Event | {"service":"voting-system","auditEvent":"CACHE_HIT","details":{"key":"position:6:candidates","source":"getCandidatesByPosition"},"category":"AUDIT"}
2025-11-01 04:28:28 [INFO]: Audit Event | {"service":"voting-system","auditEvent":"CACHE_HIT","details":{"key":"position:5:candidates","source":"getCandidatesByPosition"},"category":"AUDIT"}
2025-11-01 04:28:28 [INFO]: Audit Event | {"service":"voting-system","auditEvent":"CACHE_HIT","details":{"key":"position:6:candidates","source":"getCandidatesByPosition"},"category":"AUDIT"}
2025-11-01 04:28:37 [INFO]: Audit Event | {"service":"voting-system","auditEvent":"CACHE_HIT","details":{"key":"positions:all","source":"getPositions"},"category":"AUDIT"}
2025-11-01 04:28:37 [INFO]: Audit Event | {"service":"voting-system","auditEvent":"CACHE_HIT","details":{"key":"positions:all","source":"getPositions"},"category":"AUDIT"}
2025-11-01 04:28:37 [INFO]: Audit Event | {"service":"voting-system","auditEvent":"CACHE_HIT","details":{"key":"position:5:candidates","source":"getCandidatesByPosition"},"category":"AUDIT"}
2025-11-01 04:28:37 [INFO]: Audit Event | {"service":"voting-system","auditEvent":"CACHE_HIT","details":{"key":"position:6:candidates","source":"getCandidatesByPosition"},"category":"AUDIT"}
2025-11-01 04:28:37 [INFO]: Audit Event | {"service":"voting-system","auditEvent":"CACHE_HIT","details":{"key":"position:6:candidates","source":"getCandidatesByPosition"},"category":"AUDIT"}
2025-11-01 04:28:37 [INFO]: Audit Event | {"service":"voting-system","auditEvent":"CACHE_HIT","details":{"key":"position:5:candidates","source":"getCandidatesByPosition"},"category":"AUDIT"}
2025-11-01 04:28:42 [INFO]: Audit Event | {"service":"voting-system","auditEvent":"CACHE_HIT","details":{"key":"positions:all","source":"getPositions"},"category":"AUDIT"}
2025-11-01 04:28:42 [INFO]: Audit Event | {"service":"voting-system","auditEvent":"CACHE_HIT","details":{"key":"positions:all","source":"getPositions"},"category":"AUDIT"}
2025-11-01 04:28:42 [INFO]: Audit Event | {"service":"voting-system","auditEvent":"CACHE_HIT","details":{"key":"position:5:candidates","source":"getCandidatesByPosition"},"category":"AUDIT"}
2025-11-01 04:28:42 [INFO]: Audit Event | {"service":"voting-system","auditEvent":"CACHE_HIT","details":{"key":"position:6:candidates","source":"getCandidatesByPosition"},"category":"AUDIT"}
2025-11-01 04:28:42 [INFO]: Audit Event | {"service":"voting-system","auditEvent":"CACHE_HIT","details":{"key":"position:5:candidates","source":"getCandidatesByPosition"},"category":"AUDIT"}
2025-11-01 04:28:42 [INFO]: Audit Event | {"service":"voting-system","auditEvent":"CACHE_HIT","details":{"key":"position:6:candidates","source":"getCandidatesByPosition"},"category":"AUDIT"}
2025-11-01 04:28:48 [INFO]: Audit Event | {"service":"voting-system","auditEvent":"CACHE_HIT","details":{"key":"positions:all","source":"getPositions"},"category":"AUDIT"}
2025-11-01 04:28:48 [INFO]: Audit Event | {"service":"voting-system","auditEvent":"CACHE_HIT","details":{"key":"positions:all","source":"getPositions"},"category":"AUDIT"}
2025-11-01 04:28:48 [INFO]: Audit Event | {"service":"voting-system","auditEvent":"CACHE_HIT","details":{"key":"position:5:candidates","source":"getCandidatesByPosition"},"category":"AUDIT"}
2025-11-01 04:28:48 [INFO]: Audit Event | {"service":"voting-system","auditEvent":"CACHE_HIT","details":{"key":"position:6:candidates","source":"getCandidatesByPosition"},"category":"AUDIT"}
2025-11-01 04:28:48 [INFO]: Audit Event | {"service":"voting-system","auditEvent":"CACHE_HIT","details":{"key":"position:5:candidates","source":"getCandidatesByPosition"},"category":"AUDIT"}
2025-11-01 04:28:48 [INFO]: Audit Event | {"service":"voting-system","auditEvent":"CACHE_HIT","details":{"key":"position:6:candidates","source":"getCandidatesByPosition"},"category":"AUDIT"}
2025-11-01 04:28:55 [INFO]: Audit Event | {"service":"voting-system","auditEvent":"CACHE_HIT","details":{"key":"positions:all","source":"getPositions"},"category":"AUDIT"}
2025-11-01 04:28:55 [INFO]: Audit Event | {"service":"voting-system","auditEvent":"CACHE_HIT","details":{"key":"positions:all","source":"getPositions"},"category":"AUDIT"}
2025-11-01 04:28:55 [INFO]: Audit Event | {"service":"voting-system","auditEvent":"CACHE_HIT","details":{"key":"position:5:candidates","source":"getCandidatesByPosition"},"category":"AUDIT"}
2025-11-01 04:28:55 [INFO]: Audit Event | {"service":"voting-system","auditEvent":"CACHE_HIT","details":{"key":"position:6:candidates","source":"getCandidatesByPosition"},"category":"AUDIT"}
2025-11-01 04:28:55 [INFO]: Audit Event | {"service":"voting-system","auditEvent":"CACHE_HIT","details":{"key":"position:5:candidates","source":"getCandidatesByPosition"},"category":"AUDIT"}
2025-11-01 04:28:55 [INFO]: Audit Event | {"service":"voting-system","auditEvent":"CACHE_HIT","details":{"key":"position:6:candidates","source":"getCandidatesByPosition"},"category":"AUDIT"}
2025-11-01 04:29:09 [INFO]: Audit Event | {"service":"voting-system","auditEvent":"CACHE_HIT","details":{"key":"positions:all","source":"getPositions"},"category":"AUDIT"}
2025-11-01 04:29:09 [INFO]: Audit Event | {"service":"voting-system","auditEvent":"CACHE_HIT","details":{"key":"positions:all","source":"getPositions"},"category":"AUDIT"}
2025-11-01 04:29:09 [INFO]: Audit Event | {"service":"voting-system","auditEvent":"CACHE_HIT","details":{"key":"position:5:candidates","source":"getCandidatesByPosition"},"category":"AUDIT"}
2025-11-01 04:29:09 [INFO]: Audit Event | {"service":"voting-system","auditEvent":"CACHE_HIT","details":{"key":"position:6:candidates","source":"getCandidatesByPosition"},"category":"AUDIT"}
2025-11-01 04:29:09 [INFO]: Audit Event | {"service":"voting-system","auditEvent":"CACHE_HIT","details":{"key":"position:5:candidates","source":"getCandidatesByPosition"},"category":"AUDIT"}
2025-11-01 04:29:09 [INFO]: Audit Event | {"service":"voting-system","auditEvent":"CACHE_HIT","details":{"key":"position:6:candidates","source":"getCandidatesByPosition"},"category":"AUDIT"}
2025-11-01 04:29:33 [INFO]: Audit Event | {"service":"voting-system","auditEvent":"CACHE_HIT","details":{"key":"positions:all","source":"getPositions"},"category":"AUDIT"}
2025-11-01 04:29:33 [INFO]: Audit Event | {"service":"voting-system","auditEvent":"CACHE_HIT","details":{"key":"positions:all","source":"getPositions"},"category":"AUDIT"}
2025-11-01 04:29:33 [INFO]: Audit Event | {"service":"voting-system","auditEvent":"CACHE_HIT","details":{"key":"position:5:candidates","source":"getCandidatesByPosition"},"category":"AUDIT"}
2025-11-01 04:29:33 [INFO]: Audit Event | {"service":"voting-system","auditEvent":"CACHE_HIT","details":{"key":"position:6:candidates","source":"getCandidatesByPosition"},"category":"AUDIT"}
2025-11-01 04:29:33 [INFO]: Audit Event | {"service":"voting-system","auditEvent":"CACHE_HIT","details":{"key":"position:5:candidates","source":"getCandidatesByPosition"},"category":"AUDIT"}
2025-11-01 04:29:33 [INFO]: Audit Event | {"service":"voting-system","auditEvent":"CACHE_HIT","details":{"key":"position:6:candidates","source":"getCandidatesByPosition"},"category":"AUDIT"}
