2025-10-31 09:45:19 [INFO]: Audit Event | {"service":"voting-system","auditEvent":"CACHE_SET","details":{"key":"positions:all","size":62},"category":"AUDIT"}
2025-10-31 09:45:19 [INFO]: Audit Event | {"service":"voting-system","auditEvent":"CACHE_MISS","details":{"key":"positions:all","source":"getPositions"},"category":"AUDIT"}
2025-10-31 09:45:19 [INFO]: Audit Event | {"service":"voting-system","auditEvent":"CACHE_HIT","details":{"key":"positions:all","source":"getPositions"},"category":"AUDIT"}
2025-10-31 09:45:20 [INFO]: Audit Event | {"service":"voting-system","auditEvent":"CACHE_SET","details":{"key":"position:5:candidates","size":458},"category":"AUDIT"}
2025-10-31 09:45:20 [INFO]: Audit Event | {"service":"voting-system","auditEvent":"CACHE_MISS","details":{"key":"position:5:candidates","source":"getCandidatesByPosition"},"category":"AUDIT"}
2025-10-31 09:45:20 [INFO]: Audit Event | {"service":"voting-system","auditEvent":"CACHE_HIT","details":{"key":"position:5:candidates","source":"getCandidatesByPosition"},"category":"AUDIT"}
2025-10-31 09:45:23 [INFO]: Audit Event | {"service":"voting-system","auditEvent":"CACHE_SET","details":{"key":"position:6:candidates","size":368},"category":"AUDIT"}
2025-10-31 09:45:23 [INFO]: Audit Event | {"service":"voting-system","auditEvent":"CACHE_MISS","details":{"key":"position:6:candidates","source":"getCandidatesByPosition"},"category":"AUDIT"}
2025-10-31 09:45:23 [INFO]: Audit Event | {"service":"voting-system","auditEvent":"CACHE_HIT","details":{"key":"position:6:candidates","source":"getCandidatesByPosition"},"category":"AUDIT"}
2025-10-31 09:45:37 [INFO]: Authentication Event | {"service":"voting-system","userId":"1","action":"ADMIN_LOGIN","category":"AUTH"}
2025-10-31 09:45:54 [INFO]: Audit Event | {"service":"voting-system","auditEvent":"CACHE_HIT","details":{"key":"positions:all","source":"getPositions"},"category":"AUDIT"}
2025-10-31 09:45:54 [INFO]: Audit Event | {"service":"voting-system","auditEvent":"CACHE_HIT","details":{"key":"positions:all","source":"getPositions"},"category":"AUDIT"}
2025-10-31 09:45:54 [INFO]: Audit Event | {"service":"voting-system","auditEvent":"CACHE_HIT","details":{"key":"position:5:candidates","source":"getCandidatesByPosition"},"category":"AUDIT"}
2025-10-31 09:45:54 [INFO]: Audit Event | {"service":"voting-system","auditEvent":"CACHE_HIT","details":{"key":"position:6:candidates","source":"getCandidatesByPosition"},"category":"AUDIT"}
2025-10-31 09:45:54 [INFO]: Audit Event | {"service":"voting-system","auditEvent":"CACHE_HIT","details":{"key":"position:5:candidates","source":"getCandidatesByPosition"},"category":"AUDIT"}
2025-10-31 09:45:54 [INFO]: Audit Event | {"service":"voting-system","auditEvent":"CACHE_HIT","details":{"key":"position:6:candidates","source":"getCandidatesByPosition"},"category":"AUDIT"}
2025-10-31 09:55:57 [INFO]: Audit Event | {"service":"voting-system","auditEvent":"CACHE_DEL","details":{"key":"positions:all"},"category":"AUDIT"}
2025-10-31 09:55:57 [INFO]: Audit Event | {"service":"voting-system","auditEvent":"CACHE_EXPIRED","details":{"key":"positions:all"},"category":"AUDIT"}
2025-10-31 09:55:57 [INFO]: Audit Event | {"service":"voting-system","auditEvent":"CACHE_DEL","details":{"key":"position:5:candidates"},"category":"AUDIT"}
2025-10-31 09:55:57 [INFO]: Audit Event | {"service":"voting-system","auditEvent":"CACHE_EXPIRED","details":{"key":"position:5:candidates"},"category":"AUDIT"}
2025-10-31 09:55:57 [INFO]: Audit Event | {"service":"voting-system","auditEvent":"CACHE_DEL","details":{"key":"position:6:candidates"},"category":"AUDIT"}
2025-10-31 09:55:57 [INFO]: Audit Event | {"service":"voting-system","auditEvent":"CACHE_EXPIRED","details":{"key":"position:6:candidates"},"category":"AUDIT"}
2025-10-31 09:56:02 [INFO]: Audit Event | {"service":"voting-system","auditEvent":"CACHE_SET","details":{"key":"positions:all","size":62},"category":"AUDIT"}
2025-10-31 09:56:02 [INFO]: Audit Event | {"service":"voting-system","auditEvent":"CACHE_MISS","details":{"key":"positions:all","source":"getPositions"},"category":"AUDIT"}
2025-10-31 09:56:02 [INFO]: Audit Event | {"service":"voting-system","auditEvent":"CACHE_HIT","details":{"key":"positions:all","source":"getPositions"},"category":"AUDIT"}
2025-10-31 09:56:02 [INFO]: Audit Event | {"service":"voting-system","auditEvent":"CACHE_SET","details":{"key":"position:5:candidates","size":458},"category":"AUDIT"}
2025-10-31 09:56:02 [INFO]: Audit Event | {"service":"voting-system","auditEvent":"CACHE_MISS","details":{"key":"position:5:candidates","source":"getCandidatesByPosition"},"category":"AUDIT"}
2025-10-31 09:56:02 [INFO]: Audit Event | {"service":"voting-system","auditEvent":"CACHE_HIT","details":{"key":"position:5:candidates","source":"getCandidatesByPosition"},"category":"AUDIT"}
2025-10-31 09:56:07 [INFO]: Audit Event | {"service":"voting-system","auditEvent":"CACHE_SET","details":{"key":"position:6:candidates","size":368},"category":"AUDIT"}
2025-10-31 09:56:07 [INFO]: Audit Event | {"service":"voting-system","auditEvent":"CACHE_MISS","details":{"key":"position:6:candidates","source":"getCandidatesByPosition"},"category":"AUDIT"}
2025-10-31 09:56:07 [INFO]: Audit Event | {"service":"voting-system","auditEvent":"CACHE_HIT","details":{"key":"position:6:candidates","source":"getCandidatesByPosition"},"category":"AUDIT"}
2025-10-31 09:56:28 [INFO]: Authentication Event | {"service":"voting-system","userId":"1","action":"ADMIN_LOGIN","category":"AUTH"}
2025-10-31 09:56:39 [INFO]: Audit Event | {"service":"voting-system","auditEvent":"CACHE_HIT","details":{"key":"positions:all","source":"getPositions"},"category":"AUDIT"}
2025-10-31 09:56:39 [INFO]: Audit Event | {"service":"voting-system","auditEvent":"CACHE_HIT","details":{"key":"positions:all","source":"getPositions"},"category":"AUDIT"}
2025-10-31 09:56:39 [INFO]: Audit Event | {"service":"voting-system","auditEvent":"CACHE_HIT","details":{"key":"position:5:candidates","source":"getCandidatesByPosition"},"category":"AUDIT"}
2025-10-31 09:56:39 [INFO]: Audit Event | {"service":"voting-system","auditEvent":"CACHE_HIT","details":{"key":"position:6:candidates","source":"getCandidatesByPosition"},"category":"AUDIT"}
2025-10-31 09:56:39 [INFO]: Audit Event | {"service":"voting-system","auditEvent":"CACHE_HIT","details":{"key":"position:6:candidates","source":"getCandidatesByPosition"},"category":"AUDIT"}
2025-10-31 09:56:39 [INFO]: Audit Event | {"service":"voting-system","auditEvent":"CACHE_HIT","details":{"key":"position:5:candidates","source":"getCandidatesByPosition"},"category":"AUDIT"}
2025-10-31 09:56:52 [INFO]: Authentication Event | {"service":"voting-system","userId":"1","action":"ADMIN_LOGIN","category":"AUTH"}
2025-10-31 09:57:02 [INFO]: Statistics Generated | {"service":"voting-system","stats":{"totalVoters":11,"totalVotesCast":12,"voterTurnout":54.55,"positionsWithStats":[{"positionId":5,"positionName":"President","totalCandidates":4,"totalVotes":24,"voterTurnout":54.55,"candidates":[{"candidateId":3,"candidateName":"TIE: Alice Johnson","manifesto":"Experienced leader focused on student welfare and academic excellence.","voteCount":2,"votePercentage":33.33},{"candidateId":4,"candidateName":"TIE: Bob Smith","manifesto":"Tech-savvy innovator dedicated to modernizing club operations.","voteCount":2,"votePercentage":33.33},{"candidateId":5,"candidateName":"Carol Williams","manifesto":"Community organizer with strong communication skills.","voteCount":1,"votePercentage":16.67},{"candidateId":9,"candidateName":"Yohane Maluwa","manifesto":"Inetu ndichitenga ichi.","voteCount":1,"votePercentage":16.67}]},{"positionId":6,"positionName":"Vice President","totalCandidates":3,"totalVotes":18,"voterTurnout":54.55,"candidates":[{"candidateId":6,"candidateName":"TIE: David Brown","manifesto":"Detail-oriented organizer with project management expertise.","voteCount":2,"votePercentage":33.33},{"candidateId":7,"candidateName":"TIE: Emma Davis","manifesto":"Creative thinker focused on event planning and member engagement.","voteCount":2,"votePercentage":33.33},{"candidateId":8,"candidateName":"TIE: Frank Wilson","manifesto":"Analytical problem-solver with financial management skills.","voteCount":2,"votePercentage":33.33}]}],"overallStats":{"totalPositions":2,"totalCandidates":7,"averageVotesPerPosition":6,"mostVotedPosition":"TIE: President & Vice President","leastVotedPosition":"TIE: President & Vice President"}},"category":"STATS"}
2025-10-31 09:57:02 [INFO]: Admin Action | {"service":"voting-system","adminId":1,"action":"VIEW_STATS","target":"overall","details":{"totalVoters":11,"totalVotes":12},"category":"ADMIN"}
2025-10-31 09:57:10 [INFO]: Statistics Generated | {"service":"voting-system","stats":{"totalVoters":11,"totalVotesCast":12,"voterTurnout":54.55,"positionsWithStats":[{"positionId":5,"positionName":"President","totalCandidates":4,"totalVotes":24,"voterTurnout":54.55,"candidates":[{"candidateId":3,"candidateName":"TIE: Alice Johnson","manifesto":"Experienced leader focused on student welfare and academic excellence.","voteCount":2,"votePercentage":33.33},{"candidateId":4,"candidateName":"TIE: Bob Smith","manifesto":"Tech-savvy innovator dedicated to modernizing club operations.","voteCount":2,"votePercentage":33.33},{"candidateId":5,"candidateName":"Carol Williams","manifesto":"Community organizer with strong communication skills.","voteCount":1,"votePercentage":16.67},{"candidateId":9,"candidateName":"Yohane Maluwa","manifesto":"Inetu ndichitenga ichi.","voteCount":1,"votePercentage":16.67}]},{"positionId":6,"positionName":"Vice President","totalCandidates":3,"totalVotes":18,"voterTurnout":54.55,"candidates":[{"candidateId":6,"candidateName":"TIE: David Brown","manifesto":"Detail-oriented organizer with project management expertise.","voteCount":2,"votePercentage":33.33},{"candidateId":7,"candidateName":"TIE: Emma Davis","manifesto":"Creative thinker focused on event planning and member engagement.","voteCount":2,"votePercentage":33.33},{"candidateId":8,"candidateName":"TIE: Frank Wilson","manifesto":"Analytical problem-solver with financial management skills.","voteCount":2,"votePercentage":33.33}]}],"overallStats":{"totalPositions":2,"totalCandidates":7,"averageVotesPerPosition":6,"mostVotedPosition":"TIE: President & Vice President","leastVotedPosition":"TIE: President & Vice President"}},"category":"STATS"}
2025-10-31 09:57:10 [INFO]: Admin Action | {"service":"voting-system","adminId":1,"action":"VIEW_STATS","target":"overall","details":{"totalVoters":11,"totalVotes":12},"category":"ADMIN"}
2025-10-31 10:15:56 [INFO]: Audit Event | {"service":"voting-system","auditEvent":"CACHE_DEL","details":{"key":"positions:all"},"category":"AUDIT"}
2025-10-31 10:15:56 [INFO]: Audit Event | {"service":"voting-system","auditEvent":"CACHE_EXPIRED","details":{"key":"positions:all"},"category":"AUDIT"}
2025-10-31 10:15:56 [INFO]: Audit Event | {"service":"voting-system","auditEvent":"CACHE_DEL","details":{"key":"position:5:candidates"},"category":"AUDIT"}
2025-10-31 10:15:56 [INFO]: Audit Event | {"service":"voting-system","auditEvent":"CACHE_EXPIRED","details":{"key":"position:5:candidates"},"category":"AUDIT"}
2025-10-31 10:15:56 [INFO]: Audit Event | {"service":"voting-system","auditEvent":"CACHE_DEL","details":{"key":"position:6:candidates"},"category":"AUDIT"}
2025-10-31 10:15:56 [INFO]: Audit Event | {"service":"voting-system","auditEvent":"CACHE_EXPIRED","details":{"key":"position:6:candidates"},"category":"AUDIT"}
2025-10-31 14:27:13 [INFO]: Audit Event | {"service":"voting-system","auditEvent":"CACHE_SET","details":{"key":"positions:all","size":62},"category":"AUDIT"}
2025-10-31 14:27:13 [INFO]: Audit Event | {"service":"voting-system","auditEvent":"CACHE_MISS","details":{"key":"positions:all","source":"getPositions"},"category":"AUDIT"}
2025-10-31 14:27:13 [INFO]: Audit Event | {"service":"voting-system","auditEvent":"CACHE_HIT","details":{"key":"positions:all","source":"getPositions"},"category":"AUDIT"}
2025-10-31 14:27:14 [INFO]: Audit Event | {"service":"voting-system","auditEvent":"CACHE_SET","details":{"key":"position:6:candidates","size":368},"category":"AUDIT"}
2025-10-31 14:27:14 [INFO]: Audit Event | {"service":"voting-system","auditEvent":"CACHE_MISS","details":{"key":"position:6:candidates","source":"getCandidatesByPosition"},"category":"AUDIT"}
2025-10-31 14:27:14 [INFO]: Audit Event | {"service":"voting-system","auditEvent":"CACHE_HIT","details":{"key":"position:6:candidates","source":"getCandidatesByPosition"},"category":"AUDIT"}
2025-10-31 14:27:18 [INFO]: Audit Event | {"service":"voting-system","auditEvent":"CACHE_SET","details":{"key":"position:5:candidates","size":458},"category":"AUDIT"}
2025-10-31 14:27:18 [INFO]: Audit Event | {"service":"voting-system","auditEvent":"CACHE_MISS","details":{"key":"position:5:candidates","source":"getCandidatesByPosition"},"category":"AUDIT"}
2025-10-31 14:27:18 [INFO]: Audit Event | {"service":"voting-system","auditEvent":"CACHE_HIT","details":{"key":"position:5:candidates","source":"getCandidatesByPosition"},"category":"AUDIT"}
2025-10-31 14:27:33 [WARN]: Security Event | {"service":"voting-system","event":"ADMIN_LOGIN_FAILED","details":{"email":"super.admin","reason":"user_not_found"},"severity":"medium","category":"SECURITY"}
2025-10-31 14:27:37 [WARN]: Security Event | {"service":"voting-system","event":"ADMIN_LOGIN_FAILED","details":{"email":"super.admin","reason":"user_not_found"},"severity":"medium","category":"SECURITY"}
2025-10-31 14:27:45 [WARN]: Security Event | {"service":"voting-system","event":"ADMIN_LOGIN_FAILED","details":{"email":"super.admin","reason":"user_not_found"},"severity":"medium","category":"SECURITY"}
2025-10-31 14:28:01 [INFO]: Audit Event | {"service":"voting-system","auditEvent":"CACHE_HIT","details":{"key":"positions:all","source":"getPositions"},"category":"AUDIT"}
2025-10-31 14:28:01 [INFO]: Audit Event | {"service":"voting-system","auditEvent":"CACHE_HIT","details":{"key":"positions:all","source":"getPositions"},"category":"AUDIT"}
2025-10-31 14:28:01 [INFO]: Audit Event | {"service":"voting-system","auditEvent":"CACHE_HIT","details":{"key":"position:5:candidates","source":"getCandidatesByPosition"},"category":"AUDIT"}
2025-10-31 14:28:01 [INFO]: Audit Event | {"service":"voting-system","auditEvent":"CACHE_HIT","details":{"key":"position:6:candidates","source":"getCandidatesByPosition"},"category":"AUDIT"}
2025-10-31 14:28:01 [INFO]: Audit Event | {"service":"voting-system","auditEvent":"CACHE_HIT","details":{"key":"position:5:candidates","source":"getCandidatesByPosition"},"category":"AUDIT"}
2025-10-31 14:28:01 [INFO]: Audit Event | {"service":"voting-system","auditEvent":"CACHE_HIT","details":{"key":"position:6:candidates","source":"getCandidatesByPosition"},"category":"AUDIT"}
2025-10-31 14:28:21 [WARN]: Security Event | {"service":"voting-system","event":"ADMIN_LOGIN_FAILED","details":{"email":"admin@sjbu-voting.com","reason":"invalid_password"},"severity":"medium","category":"SECURITY"}
2025-10-31 14:28:27 [INFO]: Authentication Event | {"service":"voting-system","userId":"1","action":"ADMIN_LOGIN","category":"AUTH"}
2025-10-31 14:28:39 [INFO]: Statistics Generated | {"service":"voting-system","stats":{"totalVoters":11,"totalVotesCast":12,"voterTurnout":54.55,"positionsWithStats":[{"positionId":5,"positionName":"President","totalCandidates":4,"totalVotes":24,"voterTurnout":54.55,"candidates":[{"candidateId":3,"candidateName":"TIE: Alice Johnson","manifesto":"Experienced leader focused on student welfare and academic excellence.","voteCount":2,"votePercentage":33.33},{"candidateId":4,"candidateName":"TIE: Bob Smith","manifesto":"Tech-savvy innovator dedicated to modernizing club operations.","voteCount":2,"votePercentage":33.33},{"candidateId":5,"candidateName":"Carol Williams","manifesto":"Community organizer with strong communication skills.","voteCount":1,"votePercentage":16.67},{"candidateId":9,"candidateName":"Yohane Maluwa","manifesto":"Inetu ndichitenga ichi.","voteCount":1,"votePercentage":16.67}]},{"positionId":6,"positionName":"Vice President","totalCandidates":3,"totalVotes":18,"voterTurnout":54.55,"candidates":[{"candidateId":6,"candidateName":"TIE: David Brown","manifesto":"Detail-oriented organizer with project management expertise.","voteCount":2,"votePercentage":33.33},{"candidateId":7,"candidateName":"TIE: Emma Davis","manifesto":"Creative thinker focused on event planning and member engagement.","voteCount":2,"votePercentage":33.33},{"candidateId":8,"candidateName":"TIE: Frank Wilson","manifesto":"Analytical problem-solver with financial management skills.","voteCount":2,"votePercentage":33.33}]}],"overallStats":{"totalPositions":2,"totalCandidates":7,"averageVotesPerPosition":6,"mostVotedPosition":"TIE: President & Vice President","leastVotedPosition":"TIE: President & Vice President"}},"category":"STATS"}
2025-10-31 14:28:39 [INFO]: Admin Action | {"service":"voting-system","adminId":1,"action":"VIEW_STATS","target":"overall","details":{"totalVoters":11,"totalVotes":12},"category":"ADMIN"}
2025-10-31 14:28:47 [INFO]: Statistics Generated | {"service":"voting-system","stats":{"totalVoters":11,"totalVotesCast":12,"voterTurnout":54.55,"positionsWithStats":[{"positionId":5,"positionName":"President","totalCandidates":4,"totalVotes":24,"voterTurnout":54.55,"candidates":[{"candidateId":3,"candidateName":"TIE: Alice Johnson","manifesto":"Experienced leader focused on student welfare and academic excellence.","voteCount":2,"votePercentage":33.33},{"candidateId":4,"candidateName":"TIE: Bob Smith","manifesto":"Tech-savvy innovator dedicated to modernizing club operations.","voteCount":2,"votePercentage":33.33},{"candidateId":5,"candidateName":"Carol Williams","manifesto":"Community organizer with strong communication skills.","voteCount":1,"votePercentage":16.67},{"candidateId":9,"candidateName":"Yohane Maluwa","manifesto":"Inetu ndichitenga ichi.","voteCount":1,"votePercentage":16.67}]},{"positionId":6,"positionName":"Vice President","totalCandidates":3,"totalVotes":18,"voterTurnout":54.55,"candidates":[{"candidateId":6,"candidateName":"TIE: David Brown","manifesto":"Detail-oriented organizer with project management expertise.","voteCount":2,"votePercentage":33.33},{"candidateId":7,"candidateName":"TIE: Emma Davis","manifesto":"Creative thinker focused on event planning and member engagement.","voteCount":2,"votePercentage":33.33},{"candidateId":8,"candidateName":"TIE: Frank Wilson","manifesto":"Analytical problem-solver with financial management skills.","voteCount":2,"votePercentage":33.33}]}],"overallStats":{"totalPositions":2,"totalCandidates":7,"averageVotesPerPosition":6,"mostVotedPosition":"TIE: President & Vice President","leastVotedPosition":"TIE: President & Vice President"}},"category":"STATS"}
2025-10-31 14:28:47 [INFO]: Admin Action | {"service":"voting-system","adminId":1,"action":"VIEW_STATS","target":"overall","details":{"totalVoters":11,"totalVotes":12},"category":"ADMIN"}
2025-10-31 14:28:59 [INFO]: Authentication Event | {"service":"voting-system","userId":"1","action":"ADMIN_LOGOUT","category":"AUTH"}
2025-10-31 14:29:17 [INFO]: Authentication Event | {"service":"voting-system","userId":"6","action":"ADMIN_LOGIN","category":"AUTH"}
2025-10-31 14:29:25 [INFO]: Statistics Generated | {"service":"voting-system","stats":{"totalVoters":11,"totalVotesCast":12,"voterTurnout":54.55,"positionsWithStats":[{"positionId":5,"positionName":"President","totalCandidates":4,"totalVotes":24,"voterTurnout":54.55,"candidates":[{"candidateId":3,"candidateName":"TIE: Alice Johnson","manifesto":"Experienced leader focused on student welfare and academic excellence.","voteCount":2,"votePercentage":33.33},{"candidateId":4,"candidateName":"TIE: Bob Smith","manifesto":"Tech-savvy innovator dedicated to modernizing club operations.","voteCount":2,"votePercentage":33.33},{"candidateId":5,"candidateName":"Carol Williams","manifesto":"Community organizer with strong communication skills.","voteCount":1,"votePercentage":16.67},{"candidateId":9,"candidateName":"Yohane Maluwa","manifesto":"Inetu ndichitenga ichi.","voteCount":1,"votePercentage":16.67}]},{"positionId":6,"positionName":"Vice President","totalCandidates":3,"totalVotes":18,"voterTurnout":54.55,"candidates":[{"candidateId":6,"candidateName":"TIE: David Brown","manifesto":"Detail-oriented organizer with project management expertise.","voteCount":2,"votePercentage":33.33},{"candidateId":7,"candidateName":"TIE: Emma Davis","manifesto":"Creative thinker focused on event planning and member engagement.","voteCount":2,"votePercentage":33.33},{"candidateId":8,"candidateName":"TIE: Frank Wilson","manifesto":"Analytical problem-solver with financial management skills.","voteCount":2,"votePercentage":33.33}]}],"overallStats":{"totalPositions":2,"totalCandidates":7,"averageVotesPerPosition":6,"mostVotedPosition":"TIE: President & Vice President","leastVotedPosition":"TIE: President & Vice President"}},"category":"STATS"}
2025-10-31 14:29:25 [INFO]: Admin Action | {"service":"voting-system","adminId":6,"action":"VIEW_STATS","target":"overall","details":{"totalVoters":11,"totalVotes":12},"category":"ADMIN"}
2025-10-31 14:29:33 [INFO]: Statistics Generated | {"service":"voting-system","stats":{"totalVoters":11,"totalVotesCast":12,"voterTurnout":54.55,"positionsWithStats":[{"positionId":5,"positionName":"President","totalCandidates":4,"totalVotes":24,"voterTurnout":54.55,"candidates":[{"candidateId":3,"candidateName":"TIE: Alice Johnson","manifesto":"Experienced leader focused on student welfare and academic excellence.","voteCount":2,"votePercentage":33.33},{"candidateId":4,"candidateName":"TIE: Bob Smith","manifesto":"Tech-savvy innovator dedicated to modernizing club operations.","voteCount":2,"votePercentage":33.33},{"candidateId":5,"candidateName":"Carol Williams","manifesto":"Community organizer with strong communication skills.","voteCount":1,"votePercentage":16.67},{"candidateId":9,"candidateName":"Yohane Maluwa","manifesto":"Inetu ndichitenga ichi.","voteCount":1,"votePercentage":16.67}]},{"positionId":6,"positionName":"Vice President","totalCandidates":3,"totalVotes":18,"voterTurnout":54.55,"candidates":[{"candidateId":6,"candidateName":"TIE: David Brown","manifesto":"Detail-oriented organizer with project management expertise.","voteCount":2,"votePercentage":33.33},{"candidateId":7,"candidateName":"TIE: Emma Davis","manifesto":"Creative thinker focused on event planning and member engagement.","voteCount":2,"votePercentage":33.33},{"candidateId":8,"candidateName":"TIE: Frank Wilson","manifesto":"Analytical problem-solver with financial management skills.","voteCount":2,"votePercentage":33.33}]}],"overallStats":{"totalPositions":2,"totalCandidates":7,"averageVotesPerPosition":6,"mostVotedPosition":"TIE: President & Vice President","leastVotedPosition":"TIE: President & Vice President"}},"category":"STATS"}
2025-10-31 14:29:33 [INFO]: Admin Action | {"service":"voting-system","adminId":6,"action":"VIEW_STATS","target":"overall","details":{"totalVoters":11,"totalVotes":12},"category":"ADMIN"}
2025-10-31 14:29:53 [INFO]: Admin Action | {"service":"voting-system","adminId":6,"action":"VIEW_AUDIT_LOGS","target":"audit_log_list","details":{"count":0},"category":"ADMIN"}
2025-10-31 14:29:53 [INFO]: Admin Action | {"service":"voting-system","adminId":6,"action":"VIEW_AUDIT_LOGS","target":"audit_log_list","details":{"count":0},"category":"ADMIN"}
2025-10-31 14:29:58 [INFO]: Authentication Event | {"service":"voting-system","userId":"6","action":"ADMIN_LOGOUT","category":"AUTH"}
2025-10-31 14:30:24 [INFO]: Authentication Event | {"service":"voting-system","userId":"5","action":"ADMIN_LOGIN","category":"AUTH"}
2025-10-31 14:38:04 [INFO]: Audit Event | {"service":"voting-system","auditEvent":"CACHE_DEL","details":{"key":"positions:all"},"category":"AUDIT"}
2025-10-31 14:38:04 [INFO]: Audit Event | {"service":"voting-system","auditEvent":"CACHE_EXPIRED","details":{"key":"positions:all"},"category":"AUDIT"}
2025-10-31 14:38:04 [INFO]: Audit Event | {"service":"voting-system","auditEvent":"CACHE_DEL","details":{"key":"position:6:candidates"},"category":"AUDIT"}
2025-10-31 14:38:04 [INFO]: Audit Event | {"service":"voting-system","auditEvent":"CACHE_EXPIRED","details":{"key":"position:6:candidates"},"category":"AUDIT"}
2025-10-31 14:38:04 [INFO]: Audit Event | {"service":"voting-system","auditEvent":"CACHE_DEL","details":{"key":"position:5:candidates"},"category":"AUDIT"}
2025-10-31 14:38:04 [INFO]: Audit Event | {"service":"voting-system","auditEvent":"CACHE_EXPIRED","details":{"key":"position:5:candidates"},"category":"AUDIT"}
2025-10-31 14:56:59 [ERROR]: Application Error | {"service":"voting-system","error":"getaddrinfo EAI_AGAIN sjbu-v-anthonyphiri533-0f2d.d.aivencloud.com","stack":"Error: getaddrinfo EAI_AGAIN sjbu-v-anthonyphiri533-0f2d.d.aivencloud.com\n    at /home/hanieyo1407/Downloads/DMI VOTING SYSTEM/api/node_modules/pg-pool/index.js:45:11\n    at processTicksAndRejections (node:internal/process/task_queues:105:5)","context":{"context":"getPositions"},"category":"ERROR"}
2025-10-31 14:56:59 [ERROR]: Application Error | {"service":"voting-system","error":"getaddrinfo EAI_AGAIN sjbu-v-anthonyphiri533-0f2d.d.aivencloud.com","stack":"Error: getaddrinfo EAI_AGAIN sjbu-v-anthonyphiri533-0f2d.d.aivencloud.com\n    at /home/hanieyo1407/Downloads/DMI VOTING SYSTEM/api/node_modules/pg-pool/index.js:45:11\n    at processTicksAndRejections (node:internal/process/task_queues:105:5)","context":{"context":"getPositions"},"category":"ERROR"}
2025-10-31 15:25:26 [ERROR]: Application Error | {"service":"voting-system","error":"getaddrinfo EAI_AGAIN sjbu-v-anthonyphiri533-0f2d.d.aivencloud.com","stack":"Error: getaddrinfo EAI_AGAIN sjbu-v-anthonyphiri533-0f2d.d.aivencloud.com\n    at /home/hanieyo1407/Downloads/DMI VOTING SYSTEM/api/node_modules/pg-pool/index.js:45:11\n    at processTicksAndRejections (node:internal/process/task_queues:105:5)","context":{"context":"getPositions"},"category":"ERROR"}
2025-10-31 15:25:26 [ERROR]: Application Error | {"service":"voting-system","error":"getaddrinfo EAI_AGAIN sjbu-v-anthonyphiri533-0f2d.d.aivencloud.com","stack":"Error: getaddrinfo EAI_AGAIN sjbu-v-anthonyphiri533-0f2d.d.aivencloud.com\n    at /home/hanieyo1407/Downloads/DMI VOTING SYSTEM/api/node_modules/pg-pool/index.js:45:11\n    at processTicksAndRejections (node:internal/process/task_queues:105:5)","context":{"context":"getPositions"},"category":"ERROR"}
2025-10-31 17:21:13 [ERROR]: Application Error | {"service":"voting-system","error":"getaddrinfo EAI_AGAIN sjbu-v-anthonyphiri533-0f2d.d.aivencloud.com","stack":"Error: getaddrinfo EAI_AGAIN sjbu-v-anthonyphiri533-0f2d.d.aivencloud.com\n    at /home/hanieyo1407/Downloads/DMI VOTING SYSTEM/api/node_modules/pg-pool/index.js:45:11\n    at processTicksAndRejections (node:internal/process/task_queues:105:5)","context":{"context":"getPositions"},"category":"ERROR"}
2025-10-31 17:21:13 [ERROR]: Application Error | {"service":"voting-system","error":"getaddrinfo EAI_AGAIN sjbu-v-anthonyphiri533-0f2d.d.aivencloud.com","stack":"Error: getaddrinfo EAI_AGAIN sjbu-v-anthonyphiri533-0f2d.d.aivencloud.com\n    at /home/hanieyo1407/Downloads/DMI VOTING SYSTEM/api/node_modules/pg-pool/index.js:45:11\n    at processTicksAndRejections (node:internal/process/task_queues:105:5)","context":{"context":"getPositions"},"category":"ERROR"}
